2017-09-04 15:09:11,527 [main] INFO  (DfReplaceSchemaTask#begin():92) - +------------------------------------------+
2017-09-04 15:09:11,534 [main] INFO  (DfReplaceSchemaTask#begin():93) - |                                          |
2017-09-04 15:09:11,534 [main] INFO  (DfReplaceSchemaTask#begin():94) - |              ReplaceSchema               |
2017-09-04 15:09:11,541 [main] INFO  (DfReplaceSchemaTask#begin():102) - |                                          |
2017-09-04 15:09:11,541 [main] INFO  (DfReplaceSchemaTask#begin():103) - +------------------------------------------+
2017-09-04 15:09:11,543 [main] INFO  (DfReplaceSchemaTask#waitBeforeReps():360) - ...Waiting for your GO SIGN from stdin before ReplaceSchema:
2017-09-04 15:09:13,048 [main] INFO  (DfDataSourceHandler#prepare():78) - ...Preparing data source:
2017-09-04 15:09:13,049 [main] INFO  (DfDataSourceHandler#prepare():79) -   driver = com.mysql.jdbc.Driver
2017-09-04 15:09:13,049 [main] INFO  (DfDataSourceHandler#prepare():80) -   url    = jdbc:mysql://127.0.0.1:3306/d3db
2017-09-04 15:09:13,049 [main] INFO  (DfDataSourceHandler#prepare():81) -   user   = d3dev
2017-09-04 15:09:13,058 [main] INFO  (DfDataSourceHandler#createConnection():166) - ...Connecting to database by data source:
2017-09-04 15:09:13,787 [main] INFO  (DfReplaceSchemaTask#setupLazyConnection():144) - ...Being a lazy connection: Failed to connect: url=jdbc:mysql://127.0.0.1:3...
2017-09-04 15:09:13,811 [main] INFO  (DfCreateSchemaProcess#initializeSchemaMainDrop():229) - 
2017-09-04 15:09:13,811 [main] INFO  (DfCreateSchemaProcess#initializeSchemaMainDrop():230) - * * * * * * * * * * *
2017-09-04 15:09:13,811 [main] INFO  (DfCreateSchemaProcess#initializeSchemaMainDrop():231) - *                   *
2017-09-04 15:09:13,811 [main] INFO  (DfCreateSchemaProcess#initializeSchemaMainDrop():232) - * Initialize Schema *
2017-09-04 15:09:13,813 [main] INFO  (DfCreateSchemaProcess#initializeSchemaMainDrop():233) - *                   *
2017-09-04 15:09:13,813 [main] INFO  (DfCreateSchemaProcess#initializeSchemaMainDrop():234) - * * * * * * * * * * *
2017-09-04 15:09:13,813 [main] INFO  (DfCreateSchemaProcess#initializeSchemaMainDrop():236) - *Passed because it's a lazy connection
2017-09-04 15:09:13,814 [main] INFO  (DfCreateSchemaProcess#createSchema():266) - 
2017-09-04 15:09:13,815 [main] INFO  (DfCreateSchemaProcess#createSchema():267) - * * * * * * * * *
2017-09-04 15:09:13,815 [main] INFO  (DfCreateSchemaProcess#createSchema():268) - *               *
2017-09-04 15:09:13,815 [main] INFO  (DfCreateSchemaProcess#createSchema():269) - * Create Schema *
2017-09-04 15:09:13,815 [main] INFO  (DfCreateSchemaProcess#createSchema():270) - *               *
2017-09-04 15:09:13,816 [main] INFO  (DfCreateSchemaProcess#createSchema():271) - * * * * * * * * *
2017-09-04 15:09:13,823 [main] INFO  (DfSqlFileFireMan#fire():64) - ...Firing: replace-schema.sql
2017-09-04 15:09:13,831 [main] INFO  (DfSqlFileRunnerBase#traceSql():168) - 
create table user (
  id bigint(20) not null auto_increment primary key,
  name varchar(255) not null,
  password varchar(255) not null
)
2017-09-04 15:09:13,833 [main] INFO  (DfCreateSchemaProcess$DfSqlFileRunnerExecuteCreateSchema#lazyConnectIfNeeds():466) - ...Connecting by main user lazily
2017-09-04 15:09:13,833 [main] INFO  (DfDataSourceHandler#prepare():78) - ...Preparing data source:
2017-09-04 15:09:13,834 [main] INFO  (DfDataSourceHandler#prepare():79) -   driver = com.mysql.jdbc.Driver
2017-09-04 15:09:13,834 [main] INFO  (DfDataSourceHandler#prepare():80) -   url    = jdbc:mysql://127.0.0.1:3306/d3db
2017-09-04 15:09:13,834 [main] INFO  (DfDataSourceHandler#prepare():81) -   user   = d3dev
2017-09-04 15:09:13,835 [main] INFO  (DfDataSourceHandler#createConnection():166) - ...Connecting to database by data source:
2017-09-04 15:09:13,906 [main] INFO  (DfSqlFileFireMan#fire():89) - {Create Schema}: success=0 failure=1 *break (in 1 files)
2017-09-04 15:09:13,913 [main] ERROR (DfDBFluteTaskUtil#logException():150) - Look! Read the message below.
/* * * * * * * * * * * * * * * * * * * * * * * * * * * * * * * * * *
Failed to execute DBFlute Task 'ReplaceSchema'.

[Advice]
Check the exception messages and the stack traces.
* * * * * * * * * */
org.dbflute.exception.SQLFailureException: Look! Read the message below.
/* * * * * * * * * * * * * * * * * * * * * * * * * * * * * * * * * *
Failed to execute the SQL!

[SQL File]
playsql/replace-schema.sql

[Executed SQL]
create table user (
  id bigint(20) not null auto_increment primary key,
  name varchar(255) not null,
  password varchar(255) not null
)

[SQLState]
28000

[ErrorCode]
1045

[SQLException]
org.dbflute.exception.DfJDBCException
Failed to connect: url=jdbc:mysql://127.0.0.1:3306/d3db user=d3dev

[NextException]
java.sql.SQLException
Access denied for user 'd3dev'@'172.18.0.1' (using password: YES)
* * * * * * * * * */
	at org.dbflute.helper.jdbc.sqlfile.DfSqlFileRunnerBase.throwSQLFailureException(DfSqlFileRunnerBase.java:587)
	at org.dbflute.helper.jdbc.sqlfile.DfSqlFileRunnerExecute.execSQL(DfSqlFileRunnerExecute.java:80)
	at org.dbflute.helper.jdbc.sqlfile.DfSqlFileRunnerBase.runTransaction(DfSqlFileRunnerBase.java:122)
	at org.dbflute.helper.jdbc.sqlfile.DfSqlFileFireMan.processSqlFile(DfSqlFileFireMan.java:169)
	at org.dbflute.helper.jdbc.sqlfile.DfSqlFileFireMan.fire(DfSqlFileFireMan.java:67)
	at org.dbflute.logic.replaceschema.process.DfCreateSchemaProcess.createSchema(DfCreateSchemaProcess.java:274)
	at org.dbflute.logic.replaceschema.process.DfCreateSchemaProcess.execute(DfCreateSchemaProcess.java:143)
	at org.dbflute.task.DfReplaceSchemaTask.createSchema(DfReplaceSchemaTask.java:260)
	at org.dbflute.task.DfReplaceSchemaTask.doExecuteCoreProcess(DfReplaceSchemaTask.java:242)
	at org.dbflute.task.DfReplaceSchemaTask.executeCoreProcess(DfReplaceSchemaTask.java:232)
	at org.dbflute.task.DfReplaceSchemaTask.processMain(DfReplaceSchemaTask.java:228)
	at org.dbflute.task.DfReplaceSchemaTask.doExecute(DfReplaceSchemaTask.java:158)
	at org.dbflute.task.bs.DfAbstractTexenTask$1.callActualExecute(DfAbstractTexenTask.java:129)
	at org.dbflute.task.bs.assistant.DfTaskBasicController.doExecute(DfTaskBasicController.java:192)
	at org.dbflute.task.bs.assistant.DfTaskBasicController.execute(DfTaskBasicController.java:78)
	at org.dbflute.task.bs.DfAbstractTexenTask.execute(DfAbstractTexenTask.java:151)
	at org.apache.tools.ant.UnknownElement.execute(UnknownElement.java:288)
	at sun.reflect.GeneratedMethodAccessor3.invoke(Unknown Source)
	at sun.reflect.DelegatingMethodAccessorImpl.invoke(DelegatingMethodAccessorImpl.java:43)
	at java.lang.reflect.Method.invoke(Method.java:498)
	at org.apache.tools.ant.dispatch.DispatchUtils.execute(DispatchUtils.java:105)
	at org.apache.tools.ant.Task.perform(Task.java:348)
	at org.apache.tools.ant.Target.execute(Target.java:357)
	at org.apache.tools.ant.Target.performTasks(Target.java:385)
	at org.apache.tools.ant.Project.executeSortedTargets(Project.java:1329)
	at org.apache.tools.ant.Project.executeTarget(Project.java:1298)
	at org.apache.tools.ant.helper.DefaultExecutor.executeTargets(DefaultExecutor.java:41)
	at org.apache.tools.ant.Project.executeTargets(Project.java:1181)
	at org.apache.tools.ant.Main.runBuild(Main.java:698)
	at org.apache.tools.ant.Main.startAnt(Main.java:199)
	at org.apache.tools.ant.launch.Launcher.run(Launcher.java:257)
	at org.apache.tools.ant.launch.Launcher.main(Launcher.java:104)
Caused by: org.dbflute.exception.DfJDBCException: Failed to connect: url=jdbc:mysql://127.0.0.1:3306/d3db user=d3dev
	at org.dbflute.helper.jdbc.connection.DfDataSourceHandler.createConnection(DfDataSourceHandler.java:170)
	at org.dbflute.helper.jdbc.connection.DfDataSourceHandler.processCachedConnection(DfDataSourceHandler.java:154)
	at org.dbflute.helper.jdbc.connection.DfDataSourceHandler.getConnection(DfDataSourceHandler.java:137)
	at org.dbflute.helper.jdbc.connection.DfFittingDataSource.getConnection(DfFittingDataSource.java:44)
	at org.dbflute.helper.jdbc.context.DfSchemaSource.getConnection(DfSchemaSource.java:82)
	at org.dbflute.task.DfReplaceSchemaTask.setupDataSource(DfReplaceSchemaTask.java:130)
	at org.dbflute.task.DfReplaceSchemaTask$2.callbackSetupDataSource(DfReplaceSchemaTask.java:284)
	at org.dbflute.logic.replaceschema.process.DfCreateSchemaProcess.setupDataSource(DfCreateSchemaProcess.java:133)
	at org.dbflute.logic.replaceschema.process.DfCreateSchemaProcess$DfSqlFileRunnerExecuteCreateSchema.lazyConnectIfNeeds(DfCreateSchemaProcess.java:467)
	at org.dbflute.helper.jdbc.sqlfile.DfSqlFileRunnerExecute.execSQL(DfSqlFileRunnerExecute.java:61)
	... 30 more
2017-09-04 15:09:14,052 [main] INFO  (DfDBFluteTaskUtil#logFinalMessage():139) - 
_/_/_/_/_/_/_/_/_/_/_/_/_/_/_/_/_/_/_/_/_/_/
[Final Message]: 00m02s538ms *Abort

  DBFLUTE_CLIENT: {dfclient}
    database  = mysql
    language  = java
    container = spring
    package   = com.example.tomokiiwai.rdb

  DBFLUTE_ENVIRONMENT_TYPE: {}
    driver = com.mysql.jdbc.Driver
    url    = jdbc:mysql://127.0.0.1:3306/d3db
    schema = {d3db.$$NoNameSchema$$ as main}
    user   = d3dev
    props  = {}
    additionalSchema = 
    repsEnvType      = ut
    refreshProject   = $$AutoDetect$$

 {Create Schema}: success=0 failure=1 *break (in 1 files)
  x replace-schema.sql
   >> (failed: Look at the exception message)
    * * * * * *
    * Failure *
    * * * * * *
_/_/_/_/_/_/_/_/_/_/ {ReplaceSchema}
2017-09-04 15:10:31,161 [main] INFO  (DfReplaceSchemaTask#begin():92) - +------------------------------------------+
2017-09-04 15:10:31,163 [main] INFO  (DfReplaceSchemaTask#begin():93) - |                                          |
2017-09-04 15:10:31,164 [main] INFO  (DfReplaceSchemaTask#begin():94) - |              ReplaceSchema               |
2017-09-04 15:10:31,184 [main] INFO  (DfReplaceSchemaTask#begin():102) - |                                          |
2017-09-04 15:10:31,185 [main] INFO  (DfReplaceSchemaTask#begin():103) - +------------------------------------------+
2017-09-04 15:10:31,187 [main] INFO  (DfReplaceSchemaTask#waitBeforeReps():360) - ...Waiting for your GO SIGN from stdin before ReplaceSchema:
2017-09-04 15:10:32,717 [main] INFO  (DfDataSourceHandler#prepare():78) - ...Preparing data source:
2017-09-04 15:10:32,717 [main] INFO  (DfDataSourceHandler#prepare():79) -   driver = com.mysql.jdbc.Driver
2017-09-04 15:10:32,717 [main] INFO  (DfDataSourceHandler#prepare():80) -   url    = jdbc:mysql://127.0.0.1:3306/d3db
2017-09-04 15:10:32,717 [main] INFO  (DfDataSourceHandler#prepare():81) -   user   = d3dev
2017-09-04 15:10:32,743 [main] INFO  (DfDataSourceHandler#createConnection():166) - ...Connecting to database by data source:
2017-09-04 15:10:33,163 [main] INFO  (DfReplaceSchemaTask#setupLazyConnection():144) - ...Being a lazy connection: Failed to connect: url=jdbc:mysql://127.0.0.1:3...
2017-09-04 15:10:33,187 [main] INFO  (DfCreateSchemaProcess#initializeSchemaMainDrop():229) - 
2017-09-04 15:10:33,188 [main] INFO  (DfCreateSchemaProcess#initializeSchemaMainDrop():230) - * * * * * * * * * * *
2017-09-04 15:10:33,188 [main] INFO  (DfCreateSchemaProcess#initializeSchemaMainDrop():231) - *                   *
2017-09-04 15:10:33,189 [main] INFO  (DfCreateSchemaProcess#initializeSchemaMainDrop():232) - * Initialize Schema *
2017-09-04 15:10:33,191 [main] INFO  (DfCreateSchemaProcess#initializeSchemaMainDrop():233) - *                   *
2017-09-04 15:10:33,191 [main] INFO  (DfCreateSchemaProcess#initializeSchemaMainDrop():234) - * * * * * * * * * * *
2017-09-04 15:10:33,192 [main] INFO  (DfCreateSchemaProcess#initializeSchemaMainDrop():236) - *Passed because it's a lazy connection
2017-09-04 15:10:33,193 [main] INFO  (DfCreateSchemaProcess#createSchema():266) - 
2017-09-04 15:10:33,193 [main] INFO  (DfCreateSchemaProcess#createSchema():267) - * * * * * * * * *
2017-09-04 15:10:33,194 [main] INFO  (DfCreateSchemaProcess#createSchema():268) - *               *
2017-09-04 15:10:33,194 [main] INFO  (DfCreateSchemaProcess#createSchema():269) - * Create Schema *
2017-09-04 15:10:33,194 [main] INFO  (DfCreateSchemaProcess#createSchema():270) - *               *
2017-09-04 15:10:33,194 [main] INFO  (DfCreateSchemaProcess#createSchema():271) - * * * * * * * * *
2017-09-04 15:10:33,199 [main] INFO  (DfSqlFileFireMan#fire():64) - ...Firing: replace-schema.sql
2017-09-04 15:10:33,202 [main] INFO  (DfSqlFileRunnerBase#traceSql():168) - 
create table user (
  id bigint(20) not null auto_increment primary key,
  name varchar(255) not null,
  password varchar(255) not null
)
2017-09-04 15:10:33,203 [main] INFO  (DfCreateSchemaProcess$DfSqlFileRunnerExecuteCreateSchema#lazyConnectIfNeeds():466) - ...Connecting by main user lazily
2017-09-04 15:10:33,203 [main] INFO  (DfDataSourceHandler#prepare():78) - ...Preparing data source:
2017-09-04 15:10:33,203 [main] INFO  (DfDataSourceHandler#prepare():79) -   driver = com.mysql.jdbc.Driver
2017-09-04 15:10:33,204 [main] INFO  (DfDataSourceHandler#prepare():80) -   url    = jdbc:mysql://127.0.0.1:3306/d3db
2017-09-04 15:10:33,204 [main] INFO  (DfDataSourceHandler#prepare():81) -   user   = d3dev
2017-09-04 15:10:33,204 [main] INFO  (DfDataSourceHandler#createConnection():166) - ...Connecting to database by data source:
2017-09-04 15:10:33,211 [main] INFO  (DfSqlFileFireMan#fire():89) - {Create Schema}: success=0 failure=1 *break (in 1 files)
2017-09-04 15:10:33,277 [main] ERROR (DfDBFluteTaskUtil#logException():150) - Look! Read the message below.
/* * * * * * * * * * * * * * * * * * * * * * * * * * * * * * * * * *
Failed to execute DBFlute Task 'ReplaceSchema'.

[Advice]
Check the exception messages and the stack traces.
* * * * * * * * * */
org.dbflute.exception.SQLFailureException: Look! Read the message below.
/* * * * * * * * * * * * * * * * * * * * * * * * * * * * * * * * * *
Failed to execute the SQL!

[SQL File]
playsql/replace-schema.sql

[Executed SQL]
create table user (
  id bigint(20) not null auto_increment primary key,
  name varchar(255) not null,
  password varchar(255) not null
)

[SQLState]
08S01

[ErrorCode]
0

[SQLException]
org.dbflute.exception.DfJDBCException
Failed to connect: url=jdbc:mysql://127.0.0.1:3306/d3db user=d3dev

[NextException]
com.mysql.jdbc.exceptions.jdbc4.CommunicationsException
Communications link failure

The last packet sent successfully to the server was 0 milliseconds ago. The driver has not received any packets from the server.
* * * * * * * * * */
	at org.dbflute.helper.jdbc.sqlfile.DfSqlFileRunnerBase.throwSQLFailureException(DfSqlFileRunnerBase.java:587)
	at org.dbflute.helper.jdbc.sqlfile.DfSqlFileRunnerExecute.execSQL(DfSqlFileRunnerExecute.java:80)
	at org.dbflute.helper.jdbc.sqlfile.DfSqlFileRunnerBase.runTransaction(DfSqlFileRunnerBase.java:122)
	at org.dbflute.helper.jdbc.sqlfile.DfSqlFileFireMan.processSqlFile(DfSqlFileFireMan.java:169)
	at org.dbflute.helper.jdbc.sqlfile.DfSqlFileFireMan.fire(DfSqlFileFireMan.java:67)
	at org.dbflute.logic.replaceschema.process.DfCreateSchemaProcess.createSchema(DfCreateSchemaProcess.java:274)
	at org.dbflute.logic.replaceschema.process.DfCreateSchemaProcess.execute(DfCreateSchemaProcess.java:143)
	at org.dbflute.task.DfReplaceSchemaTask.createSchema(DfReplaceSchemaTask.java:260)
	at org.dbflute.task.DfReplaceSchemaTask.doExecuteCoreProcess(DfReplaceSchemaTask.java:242)
	at org.dbflute.task.DfReplaceSchemaTask.executeCoreProcess(DfReplaceSchemaTask.java:232)
	at org.dbflute.task.DfReplaceSchemaTask.processMain(DfReplaceSchemaTask.java:228)
	at org.dbflute.task.DfReplaceSchemaTask.doExecute(DfReplaceSchemaTask.java:158)
	at org.dbflute.task.bs.DfAbstractTexenTask$1.callActualExecute(DfAbstractTexenTask.java:129)
	at org.dbflute.task.bs.assistant.DfTaskBasicController.doExecute(DfTaskBasicController.java:192)
	at org.dbflute.task.bs.assistant.DfTaskBasicController.execute(DfTaskBasicController.java:78)
	at org.dbflute.task.bs.DfAbstractTexenTask.execute(DfAbstractTexenTask.java:151)
	at org.apache.tools.ant.UnknownElement.execute(UnknownElement.java:288)
	at sun.reflect.GeneratedMethodAccessor3.invoke(Unknown Source)
	at sun.reflect.DelegatingMethodAccessorImpl.invoke(DelegatingMethodAccessorImpl.java:43)
	at java.lang.reflect.Method.invoke(Method.java:498)
	at org.apache.tools.ant.dispatch.DispatchUtils.execute(DispatchUtils.java:105)
	at org.apache.tools.ant.Task.perform(Task.java:348)
	at org.apache.tools.ant.Target.execute(Target.java:357)
	at org.apache.tools.ant.Target.performTasks(Target.java:385)
	at org.apache.tools.ant.Project.executeSortedTargets(Project.java:1329)
	at org.apache.tools.ant.Project.executeTarget(Project.java:1298)
	at org.apache.tools.ant.helper.DefaultExecutor.executeTargets(DefaultExecutor.java:41)
	at org.apache.tools.ant.Project.executeTargets(Project.java:1181)
	at org.apache.tools.ant.Main.runBuild(Main.java:698)
	at org.apache.tools.ant.Main.startAnt(Main.java:199)
	at org.apache.tools.ant.launch.Launcher.run(Launcher.java:257)
	at org.apache.tools.ant.launch.Launcher.main(Launcher.java:104)
Caused by: org.dbflute.exception.DfJDBCException: Failed to connect: url=jdbc:mysql://127.0.0.1:3306/d3db user=d3dev
	at org.dbflute.helper.jdbc.connection.DfDataSourceHandler.createConnection(DfDataSourceHandler.java:170)
	at org.dbflute.helper.jdbc.connection.DfDataSourceHandler.processCachedConnection(DfDataSourceHandler.java:154)
	at org.dbflute.helper.jdbc.connection.DfDataSourceHandler.getConnection(DfDataSourceHandler.java:137)
	at org.dbflute.helper.jdbc.connection.DfFittingDataSource.getConnection(DfFittingDataSource.java:44)
	at org.dbflute.helper.jdbc.context.DfSchemaSource.getConnection(DfSchemaSource.java:82)
	at org.dbflute.task.DfReplaceSchemaTask.setupDataSource(DfReplaceSchemaTask.java:130)
	at org.dbflute.task.DfReplaceSchemaTask$2.callbackSetupDataSource(DfReplaceSchemaTask.java:284)
	at org.dbflute.logic.replaceschema.process.DfCreateSchemaProcess.setupDataSource(DfCreateSchemaProcess.java:133)
	at org.dbflute.logic.replaceschema.process.DfCreateSchemaProcess$DfSqlFileRunnerExecuteCreateSchema.lazyConnectIfNeeds(DfCreateSchemaProcess.java:467)
	at org.dbflute.helper.jdbc.sqlfile.DfSqlFileRunnerExecute.execSQL(DfSqlFileRunnerExecute.java:61)
	... 30 more
2017-09-04 15:10:33,299 [main] INFO  (DfDBFluteTaskUtil#logFinalMessage():139) - 
_/_/_/_/_/_/_/_/_/_/_/_/_/_/_/_/_/_/_/_/_/_/
[Final Message]: 00m02s206ms *Abort

  DBFLUTE_CLIENT: {dfclient}
    database  = mysql
    language  = java
    container = spring
    package   = com.example.tomokiiwai.rdb

  DBFLUTE_ENVIRONMENT_TYPE: {}
    driver = com.mysql.jdbc.Driver
    url    = jdbc:mysql://127.0.0.1:3306/d3db
    schema = {d3db.$$NoNameSchema$$ as main}
    user   = d3dev
    props  = {}
    additionalSchema = 
    repsEnvType      = ut
    refreshProject   = $$AutoDetect$$

 {Create Schema}: success=0 failure=1 *break (in 1 files)
  x replace-schema.sql
   >> (failed: Look at the exception message)
    * * * * * *
    * Failure *
    * * * * * *
_/_/_/_/_/_/_/_/_/_/ {ReplaceSchema}
2017-09-04 15:11:17,215 [main] INFO  (DfReplaceSchemaTask#begin():92) - +------------------------------------------+
2017-09-04 15:11:17,218 [main] INFO  (DfReplaceSchemaTask#begin():93) - |                                          |
2017-09-04 15:11:17,219 [main] INFO  (DfReplaceSchemaTask#begin():94) - |              ReplaceSchema               |
2017-09-04 15:11:17,223 [main] INFO  (DfReplaceSchemaTask#begin():102) - |                                          |
2017-09-04 15:11:17,223 [main] INFO  (DfReplaceSchemaTask#begin():103) - +------------------------------------------+
2017-09-04 15:11:17,224 [main] INFO  (DfReplaceSchemaTask#waitBeforeReps():360) - ...Waiting for your GO SIGN from stdin before ReplaceSchema:
2017-09-04 15:11:18,868 [main] INFO  (DfDataSourceHandler#prepare():78) - ...Preparing data source:
2017-09-04 15:11:18,868 [main] INFO  (DfDataSourceHandler#prepare():79) -   driver = com.mysql.jdbc.Driver
2017-09-04 15:11:18,869 [main] INFO  (DfDataSourceHandler#prepare():80) -   url    = jdbc:mysql://127.0.0.1:3306/d3db
2017-09-04 15:11:18,869 [main] INFO  (DfDataSourceHandler#prepare():81) -   user   = d3dev
2017-09-04 15:11:18,876 [main] INFO  (DfDataSourceHandler#createConnection():166) - ...Connecting to database by data source:
2017-09-04 15:11:19,575 [main] INFO  (DfDataSourceHandler#setupConnectionMetaInfo():233) -   product = MySQL 5.7.18
2017-09-04 15:11:19,576 [main] INFO  (DfDataSourceHandler#setupConnectionMetaInfo():234) -   driver  = MySQL Connector Java mysql-connector-java-5.1.40 ( Revision: 402933ef52cad9aa82624e80acbea46e3a701ce6 ) for JDBC 4.0
2017-09-04 15:11:19,605 [main] INFO  (DfCreateSchemaProcess#initializeSchemaMainDrop():229) - 
2017-09-04 15:11:19,606 [main] INFO  (DfCreateSchemaProcess#initializeSchemaMainDrop():230) - * * * * * * * * * * *
2017-09-04 15:11:19,606 [main] INFO  (DfCreateSchemaProcess#initializeSchemaMainDrop():231) - *                   *
2017-09-04 15:11:19,607 [main] INFO  (DfCreateSchemaProcess#initializeSchemaMainDrop():232) - * Initialize Schema *
2017-09-04 15:11:19,608 [main] INFO  (DfCreateSchemaProcess#initializeSchemaMainDrop():233) - *                   *
2017-09-04 15:11:19,608 [main] INFO  (DfCreateSchemaProcess#initializeSchemaMainDrop():234) - * * * * * * * * * * *
2017-09-04 15:11:19,624 [main] INFO  (DfTableExtractor#doGetTableList():66) - ...Getting tables:
2017-09-04 15:11:19,624 [main] INFO  (DfTableExtractor#doGetTableList():67) -   schema = {d3db.$$NoNameSchema$$ as main}
2017-09-04 15:11:19,625 [main] INFO  (DfTableExtractor#doGetTableList():68) -   types  = [TABLE, VIEW]
2017-09-04 15:11:19,685 [main] INFO  (DfCreateSchemaProcess#createSchema():266) - 
2017-09-04 15:11:19,686 [main] INFO  (DfCreateSchemaProcess#createSchema():267) - * * * * * * * * *
2017-09-04 15:11:19,687 [main] INFO  (DfCreateSchemaProcess#createSchema():268) - *               *
2017-09-04 15:11:19,687 [main] INFO  (DfCreateSchemaProcess#createSchema():269) - * Create Schema *
2017-09-04 15:11:19,687 [main] INFO  (DfCreateSchemaProcess#createSchema():270) - *               *
2017-09-04 15:11:19,687 [main] INFO  (DfCreateSchemaProcess#createSchema():271) - * * * * * * * * *
2017-09-04 15:11:19,692 [main] INFO  (DfSqlFileFireMan#fire():64) - ...Firing: replace-schema.sql
2017-09-04 15:11:19,698 [main] INFO  (DfSqlFileRunnerBase#traceSql():168) - 
create table user (
  id bigint(20) not null auto_increment primary key,
  name varchar(255) not null,
  password varchar(255) not null
)
2017-09-04 15:11:19,876 [main] INFO  (DfSqlFileRunnerBase#traceResult():172) -  -> success=1 failure=0
2017-09-04 15:11:19,877 [main] INFO  (DfSqlFileFireMan#fire():89) - {Create Schema}: success=1 failure=0 (in 1 files)
2017-09-04 15:11:19,920 [main] INFO  (DfLoadDataProcess#execute():129) - 
2017-09-04 15:11:19,920 [main] INFO  (DfLoadDataProcess#execute():130) - * * * * * * * * * * *
2017-09-04 15:11:19,920 [main] INFO  (DfLoadDataProcess#execute():131) - *                   *
2017-09-04 15:11:19,921 [main] INFO  (DfLoadDataProcess#execute():132) - * Load Data         *
2017-09-04 15:11:19,921 [main] INFO  (DfLoadDataProcess#execute():133) - *                   *
2017-09-04 15:11:19,921 [main] INFO  (DfLoadDataProcess#execute():134) - * * * * * * * * * * *
2017-09-04 15:11:19,949 [main] INFO  (DfTakeFinallyProcess#takeFinally():229) - 
2017-09-04 15:11:19,949 [main] INFO  (DfTakeFinallyProcess#takeFinally():230) - * * * * * * * **
2017-09-04 15:11:19,949 [main] INFO  (DfTakeFinallyProcess#takeFinally():231) - *              *
2017-09-04 15:11:19,949 [main] INFO  (DfTakeFinallyProcess#takeFinally():232) - * Take Finally *
2017-09-04 15:11:19,950 [main] INFO  (DfTakeFinallyProcess#takeFinally():233) - *              *
2017-09-04 15:11:19,950 [main] INFO  (DfTakeFinallyProcess#takeFinally():234) - * * * * * * * **
2017-09-04 15:11:19,962 [main] INFO  (DfSqlFileFireMan#fire():64) - ...Firing: take-finally.sql
2017-09-04 15:11:19,965 [main] INFO  (DfSqlFileRunnerBase#traceResult():172) -  -> success=0 failure=0
2017-09-04 15:11:19,966 [main] INFO  (DfSqlFileFireMan#fire():89) - {Take Finally}: success=0 failure=0 (in 1 files)
2017-09-04 15:11:19,967 [main] INFO  (DfDataSourceHandler#destroy():120) - ...closeReally()
2017-09-04 15:11:19,986 [main] INFO  (DfDBFluteTaskUtil#logFinalMessage():139) - 
_/_/_/_/_/_/_/_/_/_/_/_/_/_/_/_/_/_/_/_/_/_/
[Final Message]: 00m02s790ms

  DBFLUTE_CLIENT: {dfclient}
    database  = mysql (MySQL 5.7.18)
    language  = java
    container = spring
    package   = com.example.tomokiiwai.rdb

  DBFLUTE_ENVIRONMENT_TYPE: {}
    driver = com.mysql.jdbc.Driver
    url    = jdbc:mysql://127.0.0.1:3306/d3db
    schema = {d3db.$$NoNameSchema$$ as main}
    user   = d3dev
    props  = {}
    additionalSchema = 
    repsEnvType      = ut
    refreshProject   = $$AutoDetect$$

 {Create Schema}: success=1 failure=0 (in 1 files)
  o replace-schema.sql

 {Load Data}: loaded-files=0
  - (no data file)

 {Take Finally}: success=0 failure=0 (in 1 files)
  o take-finally.sql
_/_/_/_/_/_/_/_/_/_/ {ReplaceSchema}
2017-09-04 15:11:20,868 [main] INFO  (TorqueJDBCTransformTask#begin():104) - +------------------------------------------+
2017-09-04 15:11:20,871 [main] INFO  (TorqueJDBCTransformTask#begin():105) - |                                          |
2017-09-04 15:11:20,871 [main] INFO  (TorqueJDBCTransformTask#begin():106) - |                   JDBC                   |
2017-09-04 15:11:20,872 [main] INFO  (TorqueJDBCTransformTask#begin():107) - |                                          |
2017-09-04 15:11:20,872 [main] INFO  (TorqueJDBCTransformTask#begin():108) - +------------------------------------------+
2017-09-04 15:11:20,908 [main] INFO  (DfDataSourceHandler#prepare():78) - ...Preparing data source:
2017-09-04 15:11:20,908 [main] INFO  (DfDataSourceHandler#prepare():79) -   driver = com.mysql.jdbc.Driver
2017-09-04 15:11:20,908 [main] INFO  (DfDataSourceHandler#prepare():80) -   url    = jdbc:mysql://127.0.0.1:3306/d3db
2017-09-04 15:11:20,909 [main] INFO  (DfDataSourceHandler#prepare():81) -   user   = d3dev
2017-09-04 15:11:20,980 [main] INFO  (DfSchemaXmlSerializer#serialize():286) - 
2017-09-04 15:11:20,981 [main] INFO  (DfSchemaXmlSerializer#serialize():287) - ...Starting to process JDBC to SchemaXML
2017-09-04 15:11:20,981 [main] INFO  (DfSchemaXmlSerializer#doLoadPreviousSchema():1532) - ...Loading previous schema (schema diff process)
2017-09-04 15:11:20,981 [main] INFO  (DfSchemaXmlSerializer#doLoadPreviousSchema():1535) -  -> no previous (first time)
2017-09-04 15:11:21,010 [main] INFO  (DfSchemaXmlSerializer#generateXML():360) - ...Getting DB connection
2017-09-04 15:11:21,023 [main] INFO  (DfDataSourceHandler#createConnection():166) - ...Connecting to database by data source:
2017-09-04 15:11:21,436 [main] INFO  (DfDataSourceHandler#setupConnectionMetaInfo():233) -   product = MySQL 5.7.18
2017-09-04 15:11:21,436 [main] INFO  (DfDataSourceHandler#setupConnectionMetaInfo():234) -   driver  = MySQL Connector Java mysql-connector-java-5.1.40 ( Revision: 402933ef52cad9aa82624e80acbea46e3a701ce6 ) for JDBC 4.0
2017-09-04 15:11:21,438 [main] INFO  (DfSchemaXmlSerializer#generateXML():363) - ...Getting DB meta data
2017-09-04 15:11:21,440 [main] INFO  (DfTableExtractor#doGetTableList():66) - ...Getting tables:
2017-09-04 15:11:21,442 [main] INFO  (DfTableExtractor#doGetTableList():67) -   schema = {d3db.$$NoNameSchema$$ as main}
2017-09-04 15:11:21,443 [main] INFO  (DfTableExtractor#doGetTableList():68) -   types  = [TABLE, VIEW]
2017-09-04 15:11:21,457 [main] INFO  (DfDbCommentExtractorBase#doSelectUserTabComments():121) - select table_type as OBJECT_TYPE, table_name as TABLE_NAME, table_comment as COMMENTS from information_schema.tables where table_schema = 'd3db' order by table_name asc
2017-09-04 15:11:21,469 [main] INFO  (DfDbCommentExtractorBase#doSelectUserColComments():168) - select table_name as TABLE_NAME, column_name as COLUMN_NAME, column_comment as COMMENTS from information_schema.columns where table_schema = 'd3db' order by table_name asc, column_name asc
2017-09-04 15:11:21,488 [main] INFO  (DfDatetimePrecisionExtractorMySQL#extractDatetimePrecisionMap():59) - select TABLE_NAME, COLUMN_NAME, DATETIME_PRECISION from INFORMATION_SCHEMA.COLUMNS where TABLE_SCHEMA = 'd3db' and DATA_TYPE = 'datetime'
2017-09-04 15:11:21,517 [main] INFO  (DfSchemaXmlSerializer#processTable():420) - 
2017-09-04 15:11:21,518 [main] INFO  (DfSchemaXmlSerializer#processTable():421) - $ /= = = = = = = = = = = = = = = = = = = = = = = = = =
2017-09-04 15:11:21,520 [main] INFO  (DfSchemaXmlSerializer#processTable():422) - $ [Table List]
2017-09-04 15:11:21,522 [main] INFO  (DfSchemaXmlSerializer#doProcessTable():502) - $ d3db.user(TABLE)
2017-09-04 15:11:21,634 [main] INFO  (DfSchemaXmlSerializer#processTable():434) - $ 
2017-09-04 15:11:21,634 [main] INFO  (DfSchemaXmlSerializer#processTable():435) - $ [Table Count]
2017-09-04 15:11:21,634 [main] INFO  (DfSchemaXmlSerializer#processTable():436) - $ 1
2017-09-04 15:11:21,635 [main] INFO  (DfSchemaXmlSerializer#processTable():437) - $ = = = = = = = = = =/
2017-09-04 15:11:21,635 [main] INFO  (DfSchemaXmlSerializer#processTable():438) - 
2017-09-04 15:11:21,636 [main] INFO  (DfSchemaXmlSerializer#processSequence():805) - ...Getting sequences
2017-09-04 15:11:21,640 [main] INFO  (DfSchemaXmlSerializer#serialize():301) - ...Serializing XML:
2017-09-04 15:11:21,640 [main] INFO  (DfSchemaXmlSerializer#serialize():302) -   filePath = ./schema/project-schema-dfclient.xml
2017-09-04 15:11:21,641 [main] INFO  (DfSchemaXmlSerializer#serialize():303) -   encoding = UTF-8
2017-09-04 15:11:21,657 [main] INFO  (DfDataSourceHandler#destroy():120) - ...closeReally()
2017-09-04 15:11:21,670 [main] INFO  (DfDBFluteTaskUtil#logFinalMessage():139) - 
_/_/_/_/_/_/_/_/_/_/_/_/_/_/_/_/_/_/_/_/_/_/
[Final Message]: 00m00s825ms

  DBFLUTE_CLIENT: {dfclient}
    database  = mysql (MySQL 5.7.18)
    language  = java
    container = spring
    package   = com.example.tomokiiwai.rdb

  DBFLUTE_ENVIRONMENT_TYPE: {}
    driver = com.mysql.jdbc.Driver
    url    = jdbc:mysql://127.0.0.1:3306/d3db
    schema = {d3db.$$NoNameSchema$$ as main}
    user   = d3dev
    props  = {}
    additionalSchema = 
    repsEnvType      = ut
    refreshProject   = $$AutoDetect$$
_/_/_/_/_/_/_/_/_/_/ {JDBC}
2017-09-04 15:11:22,720 [main] INFO  (TorqueDocumentationTask#begin():177) - +------------------------------------------+
2017-09-04 15:11:22,723 [main] INFO  (TorqueDocumentationTask#begin():178) - |                                          |
2017-09-04 15:11:22,723 [main] INFO  (TorqueDocumentationTask#begin():179) - |                   Doc                    |
2017-09-04 15:11:22,724 [main] INFO  (TorqueDocumentationTask#begin():187) - |                                          |
2017-09-04 15:11:22,724 [main] INFO  (TorqueDocumentationTask#begin():188) - +------------------------------------------+
2017-09-04 15:11:22,748 [main] INFO  (DfDataSourceHandler#prepare():78) - ...Preparing data source:
2017-09-04 15:11:22,748 [main] INFO  (DfDataSourceHandler#prepare():79) -   driver = com.mysql.jdbc.Driver
2017-09-04 15:11:22,748 [main] INFO  (DfDataSourceHandler#prepare():80) -   url    = jdbc:mysql://127.0.0.1:3306/d3db
2017-09-04 15:11:22,748 [main] INFO  (DfDataSourceHandler#prepare():81) -   user   = d3dev
2017-09-04 15:11:22,751 [main] INFO  (TorqueDocumentationTask#processSchemaHtml():249) - 
2017-09-04 15:11:22,751 [main] INFO  (TorqueDocumentationTask#processSchemaHtml():250) - * * * * * * * * * * *
2017-09-04 15:11:22,752 [main] INFO  (TorqueDocumentationTask#processSchemaHtml():251) - *                   *
2017-09-04 15:11:22,752 [main] INFO  (TorqueDocumentationTask#processSchemaHtml():252) - *    Schema HTML    *
2017-09-04 15:11:22,752 [main] INFO  (TorqueDocumentationTask#processSchemaHtml():253) - *                   *
2017-09-04 15:11:22,753 [main] INFO  (TorqueDocumentationTask#processSchemaHtml():254) - * * * * * * * * * * *
2017-09-04 15:11:22,825 [main] INFO  (DTDResolver#resolveEntity():195) - ...Resolving XML by database.dtd in same package
2017-09-04 15:11:22,905 [main] INFO  (DfAbstractTexenTask#fireVelocityProcess():253) - generator.parse("doc/ControlDocument.vm", ctx);
2017-09-04 15:11:23,081 [main] INFO  (Database#doEnableDocumentOutputDirectory():1180) - ...Setting up documentOutputDirectory: ./output/doc
2017-09-04 15:11:23,091 [main] INFO  (DfAdditionalPrimaryKeyInitializer#initializeAdditionalPrimaryKey():62) - /=======================================
2017-09-04 15:11:23,091 [main] INFO  (DfAdditionalPrimaryKeyInitializer#initializeAdditionalPrimaryKey():63) - ...Initializing additional primary keys.
2017-09-04 15:11:23,093 [main] INFO  (DfAdditionalPrimaryKeyInitializer#initializeAdditionalPrimaryKey():88) - ==========/
2017-09-04 15:11:23,095 [main] INFO  (DfAdditionalUniqueKeyInitializer#initializeAdditionalUniqueKey():62) - /=======================================
2017-09-04 15:11:23,095 [main] INFO  (DfAdditionalUniqueKeyInitializer#initializeAdditionalUniqueKey():63) - ...Initializing additional unique keys.
2017-09-04 15:11:23,097 [main] INFO  (DfAdditionalUniqueKeyInitializer#initializeAdditionalUniqueKey():83) - ==========/
2017-09-04 15:11:23,099 [main] INFO  (DfAdditionalForeignKeyInitializer#initializeAdditionalForeignKey():68) - /=======================================
2017-09-04 15:11:23,100 [main] INFO  (DfAdditionalForeignKeyInitializer#initializeAdditionalForeignKey():69) - ...Initializing additional foreign keys.
2017-09-04 15:11:23,103 [main] INFO  (DfAdditionalForeignKeyInitializer#initializeAdditionalForeignKey():88) - ==========/
2017-09-04 15:11:23,115 [main] INFO  (DfDocumentSelector#doLoadSchemaHistory():157) - ...Loading schema history
2017-09-04 15:11:23,116 [main] INFO  (DfDocumentSelector#doLoadSchemaHistory():163) -  -> no history
2017-09-04 15:11:23,254 [main] INFO  (DfRefreshMan#resolveProjectAutoDetect():105) - *Cannot auto-detect your refresh Eclipse proejct.
2017-09-04 15:11:23,256 [main] INFO  (DfRefreshResourceProcess#show():299) - /===========================================================================
2017-09-04 15:11:23,256 [main] INFO  (DfRefreshResourceProcess#show():299) - ...Refreshing [$$AutoDetect$$] by http://localhost:8386/
2017-09-04 15:11:23,271 [main] INFO  (DfRefreshResourceProcess#show():299) - ...Retrying refreshing by default secondary URL http://localhost:8387/
2017-09-04 15:11:23,273 [main] INFO  (DfRefreshResourceProcess#show():299) - Look! Read the message below.
/* * * * * * * * * * * * * * * * * * * * * * * * * * * * * * * * * *
Failed to refresh the resources.

[Project List]
[$$AutoDetect$$]

[Request URL]
http://localhost:8386/

[IOExpception]
ConnectException
Connection refused (Connection refused)
* * * * * * * * * */
2017-09-04 15:11:23,274 [main] INFO  (DfRefreshResourceProcess#show():299) - ==========/
2017-09-04 15:11:23,279 [main] INFO  (DfDBFluteTaskUtil#logFinalMessage():139) - 
_/_/_/_/_/_/_/_/_/_/_/_/_/_/_/_/_/_/_/_/_/_/
[Final Message]: 00m00s593ms

  DBFLUTE_CLIENT: {dfclient}
    database  = mysql
    language  = java
    container = spring
    package   = com.example.tomokiiwai.rdb

  DBFLUTE_ENVIRONMENT_TYPE: {}
    driver = com.mysql.jdbc.Driver
    url    = jdbc:mysql://127.0.0.1:3306/d3db
    schema = {d3db.$$NoNameSchema$$ as main}
    user   = d3dev
    props  = {}
    additionalSchema = 
    repsEnvType      = ut
    refreshProject   = $$AutoDetect$$
_/_/_/_/_/_/_/_/_/_/ {Doc}
2017-09-04 15:11:25,647 [main] INFO  (TorqueDataModelTask#begin():110) - +------------------------------------------+
2017-09-04 15:11:25,650 [main] INFO  (TorqueDataModelTask#begin():111) - |                                          |
2017-09-04 15:11:25,651 [main] INFO  (TorqueDataModelTask#begin():112) - |                 Generate                 |
2017-09-04 15:11:25,651 [main] INFO  (TorqueDataModelTask#begin():113) - |                                          |
2017-09-04 15:11:25,651 [main] INFO  (TorqueDataModelTask#begin():114) - +------------------------------------------+
2017-09-04 15:11:25,676 [main] INFO  (DfDataSourceHandler#prepare():78) - ...Preparing data source:
2017-09-04 15:11:25,676 [main] INFO  (DfDataSourceHandler#prepare():79) -   driver = com.mysql.jdbc.Driver
2017-09-04 15:11:25,677 [main] INFO  (DfDataSourceHandler#prepare():80) -   url    = jdbc:mysql://127.0.0.1:3306/d3db
2017-09-04 15:11:25,677 [main] INFO  (DfDataSourceHandler#prepare():81) -   user   = d3dev
2017-09-04 15:11:25,698 [main] INFO  (TorqueDataModelTask#setupControlTemplate():166) - 
2017-09-04 15:11:25,698 [main] INFO  (TorqueDataModelTask#setupControlTemplate():167) - ...Using Java control: om/ControlGenerateJava.vm
2017-09-04 15:11:25,734 [main] INFO  (DTDResolver#resolveEntity():195) - ...Resolving XML by database.dtd in same package
2017-09-04 15:11:25,770 [main] INFO  (DfAbstractTexenTask#fireVelocityProcess():253) - generator.parse("om/ControlGenerateJava.vm", ctx);
2017-09-04 15:11:26,052 [main] INFO  (Database#doEnableGenerateOutputDirectory():1148) - ...Setting up generateOutputDirectory: ../src/main/java
2017-09-04 15:11:26,057 [main] INFO  (DfAdditionalPrimaryKeyInitializer#initializeAdditionalPrimaryKey():62) - /=======================================
2017-09-04 15:11:26,058 [main] INFO  (DfAdditionalPrimaryKeyInitializer#initializeAdditionalPrimaryKey():63) - ...Initializing additional primary keys.
2017-09-04 15:11:26,059 [main] INFO  (DfAdditionalPrimaryKeyInitializer#initializeAdditionalPrimaryKey():88) - ==========/
2017-09-04 15:11:26,061 [main] INFO  (DfAdditionalUniqueKeyInitializer#initializeAdditionalUniqueKey():62) - /=======================================
2017-09-04 15:11:26,062 [main] INFO  (DfAdditionalUniqueKeyInitializer#initializeAdditionalUniqueKey():63) - ...Initializing additional unique keys.
2017-09-04 15:11:26,064 [main] INFO  (DfAdditionalUniqueKeyInitializer#initializeAdditionalUniqueKey():83) - ==========/
2017-09-04 15:11:26,067 [main] INFO  (DfAdditionalForeignKeyInitializer#initializeAdditionalForeignKey():68) - /=======================================
2017-09-04 15:11:26,068 [main] INFO  (DfAdditionalForeignKeyInitializer#initializeAdditionalForeignKey():69) - ...Initializing additional foreign keys.
2017-09-04 15:11:26,070 [main] INFO  (DfAdditionalForeignKeyInitializer#initializeAdditionalForeignKey():88) - ==========/
2017-09-04 15:11:26,094 [main] INFO  (DfIncludeQueryInitializer#initializeIncludeQuery():58) - /=============================
2017-09-04 15:11:26,095 [main] INFO  (DfIncludeQueryInitializer#initializeIncludeQuery():59) - ...Initializing include query.
2017-09-04 15:11:26,095 [main] INFO  (DfIncludeQueryInitializer#checkQueryMap():81) - String
2017-09-04 15:11:26,095 [main] INFO  (DfIncludeQueryInitializer#checkQueryMap():81) - Number
2017-09-04 15:11:26,095 [main] INFO  (DfIncludeQueryInitializer#checkQueryMap():81) - Date
2017-09-04 15:11:26,096 [main] INFO  (DfIncludeQueryInitializer#checkQueryMap():86) -   NotEqual -> []
2017-09-04 15:11:26,096 [main] INFO  (DfIncludeQueryInitializer#checkQueryMap():86) -   InScope -> []
2017-09-04 15:11:26,096 [main] INFO  (DfIncludeQueryInitializer#checkQueryMap():86) -   NotInScope -> []
2017-09-04 15:11:26,096 [main] INFO  (DfIncludeQueryInitializer#checkQueryMap():81) - OrderBy
2017-09-04 15:11:26,097 [main] INFO  (DfIncludeQueryInitializer#initializeIncludeQuery():61) - ========/
2017-09-04 15:11:26,119 [main] INFO  (Database#info():2737) - public void parseAllCommon() {
2017-09-04 15:11:26,123 [main] INFO  (Database#info():2737) -     parse('DBCurrent');
2017-09-04 15:11:26,137 [main] INFO  (Database#info():2737) -     parse('DBFluteConfig');
2017-09-04 15:11:26,158 [main] INFO  (Database#info():2737) -     parse('DBFluteInitializer');
2017-09-04 15:11:26,166 [main] INFO  (Database#info():2737) -     parse('DBMetaInstanceHandler');
2017-09-04 15:11:26,199 [main] INFO  (Database#info():2737) -     parse('EntityDefinedCommonColumn');
2017-09-04 15:11:26,235 [main] INFO  (Database#info():2737) -     parse('ImplementedBehaviorSelector');
2017-09-04 15:11:26,248 [main] INFO  (Database#info():2737) -     parse('ImplementedCommonColumnAutoSetupper');
2017-09-04 15:11:26,269 [main] INFO  (Database#info():2737) -     parse('ImplementedInvokerAssistant');
2017-09-04 15:11:26,281 [main] INFO  (Database#info():2737) -     parse('ImplementedSqlClauseCreator');
2017-09-04 15:11:26,288 [main] INFO  (Database#info():2737) - }
2017-09-04 15:11:26,289 [main] INFO  (Database#info():2737) - public void parseContainerConfig() {
2017-09-04 15:11:26,290 [main] INFO  (Database#info():2737) -     parse('com/example/tomokiiwai/rdb/allcommon/DBFluteBeansJavaConfig.java')
2017-09-04 15:11:26,341 [main] INFO  (Database#info():2737) - }
2017-09-04 15:11:26,374 [main] INFO  (DfOldClassHandler#info():1045) - public void deleteOldTableClass() {
2017-09-04 15:11:26,412 [main] INFO  (DfOldClassHandler#info():1045) - }
2017-09-04 15:11:26,414 [main] INFO  (Database#info():2737) - public void parseTableClass() {
2017-09-04 15:11:26,417 [main] INFO  (Database#info():2737) -     parse('user');
2017-09-04 15:11:26,659 [main] INFO  (Database#info():2737) - }
2017-09-04 15:11:26,660 [main] INFO  (Database#info():2737) -  
2017-09-04 15:11:26,691 [main] INFO  (DfRefreshMan#resolveProjectAutoDetect():105) - *Cannot auto-detect your refresh Eclipse proejct.
2017-09-04 15:11:26,695 [main] INFO  (DfRefreshResourceProcess#show():299) - /===========================================================================
2017-09-04 15:11:26,695 [main] INFO  (DfRefreshResourceProcess#show():299) - ...Refreshing [$$AutoDetect$$] by http://localhost:8386/
2017-09-04 15:11:26,697 [main] INFO  (DfRefreshResourceProcess#show():299) - ...Retrying refreshing by default secondary URL http://localhost:8387/
2017-09-04 15:11:26,701 [main] INFO  (DfRefreshResourceProcess#show():299) - Look! Read the message below.
/* * * * * * * * * * * * * * * * * * * * * * * * * * * * * * * * * *
Failed to refresh the resources.

[Project List]
[$$AutoDetect$$]

[Request URL]
http://localhost:8386/

[IOExpception]
ConnectException
Connection refused (Connection refused)
* * * * * * * * * */
2017-09-04 15:11:26,702 [main] INFO  (DfRefreshResourceProcess#show():299) - ==========/
2017-09-04 15:11:26,712 [main] INFO  (DfDBFluteTaskUtil#logFinalMessage():139) - 
_/_/_/_/_/_/_/_/_/_/_/_/_/_/_/_/_/_/_/_/_/_/
[Final Message]: 00m01s082ms

  DBFLUTE_CLIENT: {dfclient}
    database  = mysql
    language  = java
    container = spring
    package   = com.example.tomokiiwai.rdb

  DBFLUTE_ENVIRONMENT_TYPE: {}
    driver = com.mysql.jdbc.Driver
    url    = jdbc:mysql://127.0.0.1:3306/d3db
    schema = {d3db.$$NoNameSchema$$ as main}
    user   = d3dev
    props  = {}
    additionalSchema = 
    repsEnvType      = ut
    refreshProject   = $$AutoDetect$$
_/_/_/_/_/_/_/_/_/_/ {Generate}
2017-09-04 15:11:27,482 [main] INFO  (DfOutsideSqlTestTask#begin():77) - +------------------------------------------+
2017-09-04 15:11:27,484 [main] INFO  (DfOutsideSqlTestTask#begin():78) - |                                          |
2017-09-04 15:11:27,484 [main] INFO  (DfOutsideSqlTestTask#begin():79) - |              OutsideSqlTest              |
2017-09-04 15:11:27,485 [main] INFO  (DfOutsideSqlTestTask#begin():80) - |                                          |
2017-09-04 15:11:27,485 [main] INFO  (DfOutsideSqlTestTask#begin():81) - +------------------------------------------+
2017-09-04 15:11:27,500 [main] INFO  (DfDataSourceHandler#prepare():78) - ...Preparing data source:
2017-09-04 15:11:27,501 [main] INFO  (DfDataSourceHandler#prepare():79) -   driver = com.mysql.jdbc.Driver
2017-09-04 15:11:27,501 [main] INFO  (DfDataSourceHandler#prepare():80) -   url    = jdbc:mysql://127.0.0.1:3306/d3db
2017-09-04 15:11:27,501 [main] INFO  (DfDataSourceHandler#prepare():81) -   user   = d3dev
2017-09-04 15:11:27,533 [main] INFO  (DfSqlFileFireMan#fire():89) - {Fired SQL}: success=0 failure=0 (in 0 files)
2017-09-04 15:11:27,546 [main] INFO  (DfDBFluteTaskUtil#logFinalMessage():139) - 
_/_/_/_/_/_/_/_/_/_/_/_/_/_/_/_/_/_/_/_/_/_/
[Final Message]: 00m00s067ms

  DBFLUTE_CLIENT: {dfclient}
    database  = mysql
    language  = java
    container = spring
    package   = com.example.tomokiiwai.rdb

  DBFLUTE_ENVIRONMENT_TYPE: {}
    driver = com.mysql.jdbc.Driver
    url    = jdbc:mysql://127.0.0.1:3306/d3db
    schema = {d3db.$$NoNameSchema$$ as main}
    user   = d3dev
    props  = {}
    additionalSchema = 
    repsEnvType      = ut
    refreshProject   = $$AutoDetect$$

 {Checked SQL}
_/_/_/_/_/_/_/_/_/_/ {OutsideSqlTest}
2017-09-04 15:11:28,353 [main] INFO  (DfSql2EntityTask#begin():106) - +------------------------------------------+
2017-09-04 15:11:28,356 [main] INFO  (DfSql2EntityTask#begin():107) - |                                          |
2017-09-04 15:11:28,356 [main] INFO  (DfSql2EntityTask#begin():108) - |                Sql2Entity                |
2017-09-04 15:11:28,356 [main] INFO  (DfSql2EntityTask#begin():109) - |                                          |
2017-09-04 15:11:28,356 [main] INFO  (DfSql2EntityTask#begin():110) - +------------------------------------------+
2017-09-04 15:11:28,379 [main] INFO  (DfDataSourceHandler#prepare():78) - ...Preparing data source:
2017-09-04 15:11:28,379 [main] INFO  (DfDataSourceHandler#prepare():79) -   driver = com.mysql.jdbc.Driver
2017-09-04 15:11:28,380 [main] INFO  (DfDataSourceHandler#prepare():80) -   url    = jdbc:mysql://127.0.0.1:3306/d3db
2017-09-04 15:11:28,380 [main] INFO  (DfDataSourceHandler#prepare():81) -   user   = d3dev
2017-09-04 15:11:28,393 [main] INFO  (DfSql2EntityTask#setupControlTemplate():177) - 
2017-09-04 15:11:28,394 [main] INFO  (DfSql2EntityTask#setupControlTemplate():178) - ...Using Java control: om/ControlSql2EntityJava.vm
2017-09-04 15:11:28,401 [main] INFO  (DTDResolver#resolveEntity():195) - ...Resolving XML by database.dtd in same package
2017-09-04 15:11:28,466 [main] INFO  (DfSqlFileFireMan#fire():89) - {Fired SQL}: success=0 failure=0 (in 0 files)
2017-09-04 15:11:28,497 [main] INFO  (DfSql2EntityTask#initControlContext():311) - 
2017-09-04 15:11:28,498 [main] INFO  (DfSql2EntityTask#initControlContext():312) - ...Preparing generation of customize-entities and parameter-beans
2017-09-04 15:11:28,498 [main] INFO  (DfSql2EntityTask#initControlContext():313) - * * * * * * * * * *
2017-09-04 15:11:28,498 [main] INFO  (DfSql2EntityTask#initControlContext():314) - * CustomizeEntity *
2017-09-04 15:11:28,498 [main] INFO  (DfSql2EntityTask#initControlContext():315) - * * * * * * * * * *
2017-09-04 15:11:28,498 [main] INFO  (DfSql2EntityTask#showParameterBean():932) - * * * * * * * * *
2017-09-04 15:11:28,498 [main] INFO  (DfSql2EntityTask#showParameterBean():933) - * ParameterBean *
2017-09-04 15:11:28,499 [main] INFO  (DfSql2EntityTask#showParameterBean():934) - * * * * * * * * *
2017-09-04 15:11:28,501 [main] INFO  (DfAbstractTexenTask#fireVelocityProcess():253) - generator.parse("om/ControlSql2EntityJava.vm", ctx);
2017-09-04 15:11:28,647 [main] INFO  (Database#doEnableSql2EntityOutputDirectory():1164) - ...Setting up sql2EntityOutputDirectory: ../src/main/java
2017-09-04 15:11:28,649 [main] INFO  (DfOldClassHandler#info():1045) - public void deleteOldCustomizeClass() {
2017-09-04 15:11:28,656 [main] INFO  (DfOldClassHandler#info():1045) - }
2017-09-04 15:11:28,656 [main] INFO  (Database#info():2737) - public void parseCustomizeEntity() {
2017-09-04 15:11:28,658 [main] INFO  (Database#info():2737) - }
2017-09-04 15:11:28,664 [main] INFO  (DfSql2EntityTask#showTargetSqlFileInformation():303) - 
/- - - - - - - - - - - - - - - - - - - - - - - -
Target SQL files: 0

- - - - - - - - - -/
2017-09-04 15:11:28,666 [main] INFO  (DfRefreshMan#resolveProjectAutoDetect():105) - *Cannot auto-detect your refresh Eclipse proejct.
2017-09-04 15:11:28,667 [main] INFO  (DfRefreshResourceProcess#show():299) - /===========================================================================
2017-09-04 15:11:28,668 [main] INFO  (DfRefreshResourceProcess#show():299) - ...Refreshing [$$AutoDetect$$] by http://localhost:8386/
2017-09-04 15:11:28,669 [main] INFO  (DfRefreshResourceProcess#show():299) - ...Retrying refreshing by default secondary URL http://localhost:8387/
2017-09-04 15:11:28,671 [main] INFO  (DfRefreshResourceProcess#show():299) - Look! Read the message below.
/* * * * * * * * * * * * * * * * * * * * * * * * * * * * * * * * * *
Failed to refresh the resources.

[Project List]
[$$AutoDetect$$]

[Request URL]
http://localhost:8386/

[IOExpception]
ConnectException
Connection refused (Connection refused)
* * * * * * * * * */
2017-09-04 15:11:28,671 [main] INFO  (DfRefreshResourceProcess#show():299) - ==========/
2017-09-04 15:11:28,675 [main] INFO  (DfDBFluteTaskUtil#logFinalMessage():139) - 
_/_/_/_/_/_/_/_/_/_/_/_/_/_/_/_/_/_/_/_/_/_/
[Final Message]: 00m00s331ms

  DBFLUTE_CLIENT: {dfclient}
    database  = mysql
    language  = java
    container = spring
    package   = com.example.tomokiiwai.rdb

  DBFLUTE_ENVIRONMENT_TYPE: {}
    driver = com.mysql.jdbc.Driver
    url    = jdbc:mysql://127.0.0.1:3306/d3db
    schema = {d3db.$$NoNameSchema$$ as main}
    user   = d3dev
    props  = {}
    additionalSchema = 
    repsEnvType      = ut
    refreshProject   = $$AutoDetect$$
_/_/_/_/_/_/_/_/_/_/ {Sql2Entity}
2017-09-04 15:32:28,357 [main] INFO  (DfReplaceSchemaTask#begin():92) - +------------------------------------------+
2017-09-04 15:32:28,362 [main] INFO  (DfReplaceSchemaTask#begin():93) - |                                          |
2017-09-04 15:32:28,362 [main] INFO  (DfReplaceSchemaTask#begin():94) - |              ReplaceSchema               |
2017-09-04 15:32:28,369 [main] INFO  (DfReplaceSchemaTask#begin():102) - |                                          |
2017-09-04 15:32:28,369 [main] INFO  (DfReplaceSchemaTask#begin():103) - +------------------------------------------+
2017-09-04 15:32:28,370 [main] INFO  (DfReplaceSchemaTask#waitBeforeReps():360) - ...Waiting for your GO SIGN from stdin before ReplaceSchema:
2017-09-04 15:32:29,812 [main] INFO  (DfDataSourceHandler#prepare():78) - ...Preparing data source:
2017-09-04 15:32:29,813 [main] INFO  (DfDataSourceHandler#prepare():79) -   driver = com.mysql.jdbc.Driver
2017-09-04 15:32:29,813 [main] INFO  (DfDataSourceHandler#prepare():80) -   url    = jdbc:mysql://127.0.0.1:3306/d3db
2017-09-04 15:32:29,813 [main] INFO  (DfDataSourceHandler#prepare():81) -   user   = d3dev
2017-09-04 15:32:29,822 [main] INFO  (DfDataSourceHandler#createConnection():166) - ...Connecting to database by data source:
2017-09-04 15:32:30,560 [main] INFO  (DfDataSourceHandler#setupConnectionMetaInfo():233) -   product = MySQL 5.7.18
2017-09-04 15:32:30,560 [main] INFO  (DfDataSourceHandler#setupConnectionMetaInfo():234) -   driver  = MySQL Connector Java mysql-connector-java-5.1.40 ( Revision: 402933ef52cad9aa82624e80acbea46e3a701ce6 ) for JDBC 4.0
2017-09-04 15:32:30,591 [main] INFO  (DfCreateSchemaProcess#initializeSchemaMainDrop():229) - 
2017-09-04 15:32:30,591 [main] INFO  (DfCreateSchemaProcess#initializeSchemaMainDrop():230) - * * * * * * * * * * *
2017-09-04 15:32:30,591 [main] INFO  (DfCreateSchemaProcess#initializeSchemaMainDrop():231) - *                   *
2017-09-04 15:32:30,593 [main] INFO  (DfCreateSchemaProcess#initializeSchemaMainDrop():232) - * Initialize Schema *
2017-09-04 15:32:30,594 [main] INFO  (DfCreateSchemaProcess#initializeSchemaMainDrop():233) - *                   *
2017-09-04 15:32:30,594 [main] INFO  (DfCreateSchemaProcess#initializeSchemaMainDrop():234) - * * * * * * * * * * *
2017-09-04 15:32:30,623 [main] INFO  (DfTableExtractor#doGetTableList():66) - ...Getting tables:
2017-09-04 15:32:30,624 [main] INFO  (DfTableExtractor#doGetTableList():67) -   schema = {d3db.$$NoNameSchema$$ as main}
2017-09-04 15:32:30,624 [main] INFO  (DfTableExtractor#doGetTableList():68) -   types  = [TABLE, VIEW]
2017-09-04 15:32:30,786 [main] INFO  (DfSchemaInitializerJdbc#logReplaceSql():609) - truncate table user
2017-09-04 15:32:30,797 [main] INFO  (DfSchemaInitializerJdbc#logReplaceSql():609) - drop table user
2017-09-04 15:32:30,939 [main] INFO  (DfCreateSchemaProcess#createSchema():266) - 
2017-09-04 15:32:30,940 [main] INFO  (DfCreateSchemaProcess#createSchema():267) - * * * * * * * * *
2017-09-04 15:32:30,940 [main] INFO  (DfCreateSchemaProcess#createSchema():268) - *               *
2017-09-04 15:32:30,940 [main] INFO  (DfCreateSchemaProcess#createSchema():269) - * Create Schema *
2017-09-04 15:32:30,940 [main] INFO  (DfCreateSchemaProcess#createSchema():270) - *               *
2017-09-04 15:32:30,941 [main] INFO  (DfCreateSchemaProcess#createSchema():271) - * * * * * * * * *
2017-09-04 15:32:30,945 [main] INFO  (DfSqlFileFireMan#fire():64) - ...Firing: replace-schema.sql
2017-09-04 15:32:30,950 [main] INFO  (DfSqlFileRunnerBase#traceSql():168) - 
create table user (
  id bigint(20) not null auto_increment primary key,
  name varchar(255) not null,
  password varchar(255) not null
)
2017-09-04 15:32:31,175 [main] INFO  (DfSqlFileRunnerBase#traceResult():172) -  -> success=1 failure=0
2017-09-04 15:32:31,175 [main] INFO  (DfSqlFileFireMan#fire():89) - {Create Schema}: success=1 failure=0 (in 1 files)
2017-09-04 15:32:31,211 [main] INFO  (DfLoadDataProcess#execute():129) - 
2017-09-04 15:32:31,212 [main] INFO  (DfLoadDataProcess#execute():130) - * * * * * * * * * * *
2017-09-04 15:32:31,214 [main] INFO  (DfLoadDataProcess#execute():131) - *                   *
2017-09-04 15:32:31,214 [main] INFO  (DfLoadDataProcess#execute():132) - * Load Data         *
2017-09-04 15:32:31,215 [main] INFO  (DfLoadDataProcess#execute():133) - *                   *
2017-09-04 15:32:31,215 [main] INFO  (DfLoadDataProcess#execute():134) - * * * * * * * * * * *
2017-09-04 15:32:31,246 [main] INFO  (DfTakeFinallyProcess#takeFinally():229) - 
2017-09-04 15:32:31,246 [main] INFO  (DfTakeFinallyProcess#takeFinally():230) - * * * * * * * **
2017-09-04 15:32:31,246 [main] INFO  (DfTakeFinallyProcess#takeFinally():231) - *              *
2017-09-04 15:32:31,247 [main] INFO  (DfTakeFinallyProcess#takeFinally():232) - * Take Finally *
2017-09-04 15:32:31,247 [main] INFO  (DfTakeFinallyProcess#takeFinally():233) - *              *
2017-09-04 15:32:31,247 [main] INFO  (DfTakeFinallyProcess#takeFinally():234) - * * * * * * * **
2017-09-04 15:32:31,253 [main] INFO  (DfSqlFileFireMan#fire():64) - ...Firing: take-finally.sql
2017-09-04 15:32:31,257 [main] INFO  (DfSqlFileRunnerBase#traceResult():172) -  -> success=0 failure=0
2017-09-04 15:32:31,257 [main] INFO  (DfSqlFileFireMan#fire():89) - {Take Finally}: success=0 failure=0 (in 1 files)
2017-09-04 15:32:31,259 [main] INFO  (DfDataSourceHandler#destroy():120) - ...closeReally()
2017-09-04 15:32:31,270 [main] INFO  (DfDBFluteTaskUtil#logFinalMessage():139) - 
_/_/_/_/_/_/_/_/_/_/_/_/_/_/_/_/_/_/_/_/_/_/
[Final Message]: 00m02s941ms

  DBFLUTE_CLIENT: {dfclient}
    database  = mysql (MySQL 5.7.18)
    language  = java
    container = spring
    package   = com.example.tomokiiwai.rdb

  DBFLUTE_ENVIRONMENT_TYPE: {}
    driver = com.mysql.jdbc.Driver
    url    = jdbc:mysql://127.0.0.1:3306/d3db
    schema = {d3db.$$NoNameSchema$$ as main}
    user   = d3dev
    props  = {}
    additionalSchema = 
    repsEnvType      = ut
    refreshProject   = $$AutoDetect$$

 {Create Schema}: success=1 failure=0 (in 1 files)
  o replace-schema.sql

 {Load Data}: loaded-files=0
  - (no data file)

 {Take Finally}: success=0 failure=0 (in 1 files)
  o take-finally.sql
_/_/_/_/_/_/_/_/_/_/ {ReplaceSchema}
2017-09-04 15:32:32,140 [main] INFO  (TorqueJDBCTransformTask#begin():104) - +------------------------------------------+
2017-09-04 15:32:32,146 [main] INFO  (TorqueJDBCTransformTask#begin():105) - |                                          |
2017-09-04 15:32:32,146 [main] INFO  (TorqueJDBCTransformTask#begin():106) - |                   JDBC                   |
2017-09-04 15:32:32,146 [main] INFO  (TorqueJDBCTransformTask#begin():107) - |                                          |
2017-09-04 15:32:32,147 [main] INFO  (TorqueJDBCTransformTask#begin():108) - +------------------------------------------+
2017-09-04 15:32:32,173 [main] INFO  (DfDataSourceHandler#prepare():78) - ...Preparing data source:
2017-09-04 15:32:32,173 [main] INFO  (DfDataSourceHandler#prepare():79) -   driver = com.mysql.jdbc.Driver
2017-09-04 15:32:32,174 [main] INFO  (DfDataSourceHandler#prepare():80) -   url    = jdbc:mysql://127.0.0.1:3306/d3db
2017-09-04 15:32:32,175 [main] INFO  (DfDataSourceHandler#prepare():81) -   user   = d3dev
2017-09-04 15:32:32,235 [main] INFO  (DfSchemaXmlSerializer#serialize():286) - 
2017-09-04 15:32:32,236 [main] INFO  (DfSchemaXmlSerializer#serialize():287) - ...Starting to process JDBC to SchemaXML
2017-09-04 15:32:32,236 [main] INFO  (DfSchemaXmlSerializer#doLoadPreviousSchema():1532) - ...Loading previous schema (schema diff process)
2017-09-04 15:32:32,248 [main] INFO  (DTDResolver#resolveEntity():195) - ...Resolving XML by database.dtd in same package
2017-09-04 15:32:32,337 [main] INFO  (DfSchemaXmlSerializer#generateXML():360) - ...Getting DB connection
2017-09-04 15:32:32,342 [main] INFO  (DfDataSourceHandler#createConnection():166) - ...Connecting to database by data source:
2017-09-04 15:32:32,781 [main] INFO  (DfDataSourceHandler#setupConnectionMetaInfo():233) -   product = MySQL 5.7.18
2017-09-04 15:32:32,782 [main] INFO  (DfDataSourceHandler#setupConnectionMetaInfo():234) -   driver  = MySQL Connector Java mysql-connector-java-5.1.40 ( Revision: 402933ef52cad9aa82624e80acbea46e3a701ce6 ) for JDBC 4.0
2017-09-04 15:32:32,783 [main] INFO  (DfSchemaXmlSerializer#generateXML():363) - ...Getting DB meta data
2017-09-04 15:32:32,789 [main] INFO  (DfTableExtractor#doGetTableList():66) - ...Getting tables:
2017-09-04 15:32:32,790 [main] INFO  (DfTableExtractor#doGetTableList():67) -   schema = {d3db.$$NoNameSchema$$ as main}
2017-09-04 15:32:32,791 [main] INFO  (DfTableExtractor#doGetTableList():68) -   types  = [TABLE, VIEW]
2017-09-04 15:32:32,809 [main] INFO  (DfDbCommentExtractorBase#doSelectUserTabComments():121) - select table_type as OBJECT_TYPE, table_name as TABLE_NAME, table_comment as COMMENTS from information_schema.tables where table_schema = 'd3db' order by table_name asc
2017-09-04 15:32:32,817 [main] INFO  (DfDbCommentExtractorBase#doSelectUserColComments():168) - select table_name as TABLE_NAME, column_name as COLUMN_NAME, column_comment as COMMENTS from information_schema.columns where table_schema = 'd3db' order by table_name asc, column_name asc
2017-09-04 15:32:32,833 [main] INFO  (DfDatetimePrecisionExtractorMySQL#extractDatetimePrecisionMap():59) - select TABLE_NAME, COLUMN_NAME, DATETIME_PRECISION from INFORMATION_SCHEMA.COLUMNS where TABLE_SCHEMA = 'd3db' and DATA_TYPE = 'datetime'
2017-09-04 15:32:32,857 [main] INFO  (DfSchemaXmlSerializer#processTable():420) - 
2017-09-04 15:32:32,857 [main] INFO  (DfSchemaXmlSerializer#processTable():421) - $ /= = = = = = = = = = = = = = = = = = = = = = = = = =
2017-09-04 15:32:32,858 [main] INFO  (DfSchemaXmlSerializer#processTable():422) - $ [Table List]
2017-09-04 15:32:32,860 [main] INFO  (DfSchemaXmlSerializer#doProcessTable():502) - $ d3db.user(TABLE)
2017-09-04 15:32:32,943 [main] INFO  (DfSchemaXmlSerializer#processTable():434) - $ 
2017-09-04 15:32:32,944 [main] INFO  (DfSchemaXmlSerializer#processTable():435) - $ [Table Count]
2017-09-04 15:32:32,945 [main] INFO  (DfSchemaXmlSerializer#processTable():436) - $ 1
2017-09-04 15:32:32,945 [main] INFO  (DfSchemaXmlSerializer#processTable():437) - $ = = = = = = = = = =/
2017-09-04 15:32:32,945 [main] INFO  (DfSchemaXmlSerializer#processTable():438) - 
2017-09-04 15:32:32,946 [main] INFO  (DfSchemaXmlSerializer#processSequence():805) - ...Getting sequences
2017-09-04 15:32:32,952 [main] INFO  (DfSchemaXmlSerializer#serialize():301) - ...Serializing XML:
2017-09-04 15:32:32,952 [main] INFO  (DfSchemaXmlSerializer#serialize():302) -   filePath = ./schema/project-schema-dfclient.xml
2017-09-04 15:32:32,952 [main] INFO  (DfSchemaXmlSerializer#serialize():303) -   encoding = UTF-8
2017-09-04 15:32:32,975 [main] INFO  (DfSchemaXmlSerializer#doLoadNextSchema():1550) - ...Loading next schema (schema diff process)
2017-09-04 15:32:32,979 [main] INFO  (DTDResolver#resolveEntity():195) - ...Resolving XML by database.dtd in same package
2017-09-04 15:32:33,079 [main] INFO  (DfSchemaXmlSerializer#doLoadNextSchema():1565) -  -> same as previous (schema diff)
2017-09-04 15:32:33,079 [main] INFO  (DfDataSourceHandler#destroy():120) - ...closeReally()
2017-09-04 15:32:33,086 [main] INFO  (DfDBFluteTaskUtil#logFinalMessage():139) - 
_/_/_/_/_/_/_/_/_/_/_/_/_/_/_/_/_/_/_/_/_/_/
[Final Message]: 00m00s968ms

  DBFLUTE_CLIENT: {dfclient}
    database  = mysql (MySQL 5.7.18)
    language  = java
    container = spring
    package   = com.example.tomokiiwai.rdb

  DBFLUTE_ENVIRONMENT_TYPE: {}
    driver = com.mysql.jdbc.Driver
    url    = jdbc:mysql://127.0.0.1:3306/d3db
    schema = {d3db.$$NoNameSchema$$ as main}
    user   = d3dev
    props  = {}
    additionalSchema = 
    repsEnvType      = ut
    refreshProject   = $$AutoDetect$$
_/_/_/_/_/_/_/_/_/_/ {JDBC}
2017-09-04 15:32:33,917 [main] INFO  (TorqueDocumentationTask#begin():177) - +------------------------------------------+
2017-09-04 15:32:33,921 [main] INFO  (TorqueDocumentationTask#begin():178) - |                                          |
2017-09-04 15:32:33,921 [main] INFO  (TorqueDocumentationTask#begin():179) - |                   Doc                    |
2017-09-04 15:32:33,924 [main] INFO  (TorqueDocumentationTask#begin():187) - |                                          |
2017-09-04 15:32:33,925 [main] INFO  (TorqueDocumentationTask#begin():188) - +------------------------------------------+
2017-09-04 15:32:33,959 [main] INFO  (DfDataSourceHandler#prepare():78) - ...Preparing data source:
2017-09-04 15:32:33,959 [main] INFO  (DfDataSourceHandler#prepare():79) -   driver = com.mysql.jdbc.Driver
2017-09-04 15:32:33,959 [main] INFO  (DfDataSourceHandler#prepare():80) -   url    = jdbc:mysql://127.0.0.1:3306/d3db
2017-09-04 15:32:33,959 [main] INFO  (DfDataSourceHandler#prepare():81) -   user   = d3dev
2017-09-04 15:32:33,961 [main] INFO  (TorqueDocumentationTask#processSchemaHtml():249) - 
2017-09-04 15:32:33,962 [main] INFO  (TorqueDocumentationTask#processSchemaHtml():250) - * * * * * * * * * * *
2017-09-04 15:32:33,962 [main] INFO  (TorqueDocumentationTask#processSchemaHtml():251) - *                   *
2017-09-04 15:32:33,962 [main] INFO  (TorqueDocumentationTask#processSchemaHtml():252) - *    Schema HTML    *
2017-09-04 15:32:33,963 [main] INFO  (TorqueDocumentationTask#processSchemaHtml():253) - *                   *
2017-09-04 15:32:33,963 [main] INFO  (TorqueDocumentationTask#processSchemaHtml():254) - * * * * * * * * * * *
2017-09-04 15:32:34,094 [main] INFO  (DTDResolver#resolveEntity():195) - ...Resolving XML by database.dtd in same package
2017-09-04 15:32:34,141 [main] INFO  (DfAbstractTexenTask#fireVelocityProcess():253) - generator.parse("doc/ControlDocument.vm", ctx);
2017-09-04 15:32:34,282 [main] INFO  (Database#doEnableDocumentOutputDirectory():1180) - ...Setting up documentOutputDirectory: ./output/doc
2017-09-04 15:32:34,289 [main] INFO  (DfAdditionalPrimaryKeyInitializer#initializeAdditionalPrimaryKey():62) - /=======================================
2017-09-04 15:32:34,290 [main] INFO  (DfAdditionalPrimaryKeyInitializer#initializeAdditionalPrimaryKey():63) - ...Initializing additional primary keys.
2017-09-04 15:32:34,290 [main] INFO  (DfAdditionalPrimaryKeyInitializer#initializeAdditionalPrimaryKey():88) - ==========/
2017-09-04 15:32:34,292 [main] INFO  (DfAdditionalUniqueKeyInitializer#initializeAdditionalUniqueKey():62) - /=======================================
2017-09-04 15:32:34,292 [main] INFO  (DfAdditionalUniqueKeyInitializer#initializeAdditionalUniqueKey():63) - ...Initializing additional unique keys.
2017-09-04 15:32:34,293 [main] INFO  (DfAdditionalUniqueKeyInitializer#initializeAdditionalUniqueKey():83) - ==========/
2017-09-04 15:32:34,295 [main] INFO  (DfAdditionalForeignKeyInitializer#initializeAdditionalForeignKey():68) - /=======================================
2017-09-04 15:32:34,295 [main] INFO  (DfAdditionalForeignKeyInitializer#initializeAdditionalForeignKey():69) - ...Initializing additional foreign keys.
2017-09-04 15:32:34,298 [main] INFO  (DfAdditionalForeignKeyInitializer#initializeAdditionalForeignKey():88) - ==========/
2017-09-04 15:32:34,307 [main] INFO  (DfDocumentSelector#doLoadSchemaHistory():157) - ...Loading schema history
2017-09-04 15:32:34,307 [main] INFO  (DfDocumentSelector#doLoadSchemaHistory():163) -  -> no history
2017-09-04 15:32:34,399 [main] INFO  (DfRefreshMan#resolveProjectAutoDetect():105) - *Cannot auto-detect your refresh Eclipse proejct.
2017-09-04 15:32:34,400 [main] INFO  (DfRefreshResourceProcess#show():299) - /===========================================================================
2017-09-04 15:32:34,401 [main] INFO  (DfRefreshResourceProcess#show():299) - ...Refreshing [$$AutoDetect$$] by http://localhost:8386/
2017-09-04 15:32:34,409 [main] INFO  (DfRefreshResourceProcess#show():299) - ...Retrying refreshing by default secondary URL http://localhost:8387/
2017-09-04 15:32:34,411 [main] INFO  (DfRefreshResourceProcess#show():299) - Look! Read the message below.
/* * * * * * * * * * * * * * * * * * * * * * * * * * * * * * * * * *
Failed to refresh the resources.

[Project List]
[$$AutoDetect$$]

[Request URL]
http://localhost:8386/

[IOExpception]
ConnectException
Connection refused (Connection refused)
* * * * * * * * * */
2017-09-04 15:32:34,411 [main] INFO  (DfRefreshResourceProcess#show():299) - ==========/
2017-09-04 15:32:34,415 [main] INFO  (DfDBFluteTaskUtil#logFinalMessage():139) - 
_/_/_/_/_/_/_/_/_/_/_/_/_/_/_/_/_/_/_/_/_/_/
[Final Message]: 00m00s511ms

  DBFLUTE_CLIENT: {dfclient}
    database  = mysql
    language  = java
    container = spring
    package   = com.example.tomokiiwai.rdb

  DBFLUTE_ENVIRONMENT_TYPE: {}
    driver = com.mysql.jdbc.Driver
    url    = jdbc:mysql://127.0.0.1:3306/d3db
    schema = {d3db.$$NoNameSchema$$ as main}
    user   = d3dev
    props  = {}
    additionalSchema = 
    repsEnvType      = ut
    refreshProject   = $$AutoDetect$$
_/_/_/_/_/_/_/_/_/_/ {Doc}
2017-09-04 15:32:36,759 [main] INFO  (TorqueDataModelTask#begin():110) - +------------------------------------------+
2017-09-04 15:32:36,761 [main] INFO  (TorqueDataModelTask#begin():111) - |                                          |
2017-09-04 15:32:36,761 [main] INFO  (TorqueDataModelTask#begin():112) - |                 Generate                 |
2017-09-04 15:32:36,761 [main] INFO  (TorqueDataModelTask#begin():113) - |                                          |
2017-09-04 15:32:36,761 [main] INFO  (TorqueDataModelTask#begin():114) - +------------------------------------------+
2017-09-04 15:32:36,785 [main] INFO  (DfDataSourceHandler#prepare():78) - ...Preparing data source:
2017-09-04 15:32:36,785 [main] INFO  (DfDataSourceHandler#prepare():79) -   driver = com.mysql.jdbc.Driver
2017-09-04 15:32:36,785 [main] INFO  (DfDataSourceHandler#prepare():80) -   url    = jdbc:mysql://127.0.0.1:3306/d3db
2017-09-04 15:32:36,786 [main] INFO  (DfDataSourceHandler#prepare():81) -   user   = d3dev
2017-09-04 15:32:36,808 [main] INFO  (TorqueDataModelTask#setupControlTemplate():166) - 
2017-09-04 15:32:36,809 [main] INFO  (TorqueDataModelTask#setupControlTemplate():167) - ...Using Java control: om/ControlGenerateJava.vm
2017-09-04 15:32:36,847 [main] INFO  (DTDResolver#resolveEntity():195) - ...Resolving XML by database.dtd in same package
2017-09-04 15:32:37,004 [main] INFO  (DfAbstractTexenTask#fireVelocityProcess():253) - generator.parse("om/ControlGenerateJava.vm", ctx);
2017-09-04 15:32:37,181 [main] INFO  (Database#doEnableGenerateOutputDirectory():1148) - ...Setting up generateOutputDirectory: ../src/main/java
2017-09-04 15:32:37,187 [main] INFO  (DfAdditionalPrimaryKeyInitializer#initializeAdditionalPrimaryKey():62) - /=======================================
2017-09-04 15:32:37,187 [main] INFO  (DfAdditionalPrimaryKeyInitializer#initializeAdditionalPrimaryKey():63) - ...Initializing additional primary keys.
2017-09-04 15:32:37,189 [main] INFO  (DfAdditionalPrimaryKeyInitializer#initializeAdditionalPrimaryKey():88) - ==========/
2017-09-04 15:32:37,190 [main] INFO  (DfAdditionalUniqueKeyInitializer#initializeAdditionalUniqueKey():62) - /=======================================
2017-09-04 15:32:37,190 [main] INFO  (DfAdditionalUniqueKeyInitializer#initializeAdditionalUniqueKey():63) - ...Initializing additional unique keys.
2017-09-04 15:32:37,192 [main] INFO  (DfAdditionalUniqueKeyInitializer#initializeAdditionalUniqueKey():83) - ==========/
2017-09-04 15:32:37,195 [main] INFO  (DfAdditionalForeignKeyInitializer#initializeAdditionalForeignKey():68) - /=======================================
2017-09-04 15:32:37,195 [main] INFO  (DfAdditionalForeignKeyInitializer#initializeAdditionalForeignKey():69) - ...Initializing additional foreign keys.
2017-09-04 15:32:37,198 [main] INFO  (DfAdditionalForeignKeyInitializer#initializeAdditionalForeignKey():88) - ==========/
2017-09-04 15:32:37,214 [main] INFO  (DfIncludeQueryInitializer#initializeIncludeQuery():58) - /=============================
2017-09-04 15:32:37,214 [main] INFO  (DfIncludeQueryInitializer#initializeIncludeQuery():59) - ...Initializing include query.
2017-09-04 15:32:37,215 [main] INFO  (DfIncludeQueryInitializer#checkQueryMap():81) - String
2017-09-04 15:32:37,215 [main] INFO  (DfIncludeQueryInitializer#checkQueryMap():81) - Number
2017-09-04 15:32:37,215 [main] INFO  (DfIncludeQueryInitializer#checkQueryMap():81) - Date
2017-09-04 15:32:37,215 [main] INFO  (DfIncludeQueryInitializer#checkQueryMap():86) -   NotEqual -> []
2017-09-04 15:32:37,215 [main] INFO  (DfIncludeQueryInitializer#checkQueryMap():86) -   InScope -> []
2017-09-04 15:32:37,216 [main] INFO  (DfIncludeQueryInitializer#checkQueryMap():86) -   NotInScope -> []
2017-09-04 15:32:37,216 [main] INFO  (DfIncludeQueryInitializer#checkQueryMap():81) - OrderBy
2017-09-04 15:32:37,216 [main] INFO  (DfIncludeQueryInitializer#initializeIncludeQuery():61) - ========/
2017-09-04 15:32:37,229 [main] INFO  (Database#info():2737) - public void parseAllCommon() {
2017-09-04 15:32:37,232 [main] INFO  (Database#info():2737) -     parse('DBCurrent');
2017-09-04 15:32:37,241 [main] INFO  (Database#info():2737) -     parse('DBFluteConfig');
2017-09-04 15:32:37,270 [main] INFO  (Database#info():2737) -     parse('DBFluteInitializer');
2017-09-04 15:32:37,281 [main] INFO  (Database#info():2737) -     parse('DBMetaInstanceHandler');
2017-09-04 15:32:37,326 [main] INFO  (Database#info():2737) -     parse('EntityDefinedCommonColumn');
2017-09-04 15:32:37,331 [main] INFO  (Database#info():2737) -     parse('ImplementedBehaviorSelector');
2017-09-04 15:32:37,342 [main] INFO  (Database#info():2737) -     parse('ImplementedCommonColumnAutoSetupper');
2017-09-04 15:32:37,348 [main] INFO  (Database#info():2737) -     parse('ImplementedInvokerAssistant');
2017-09-04 15:32:37,360 [main] INFO  (Database#info():2737) -     parse('ImplementedSqlClauseCreator');
2017-09-04 15:32:37,366 [main] INFO  (Database#info():2737) - }
2017-09-04 15:32:37,367 [main] INFO  (Database#info():2737) - public void parseContainerConfig() {
2017-09-04 15:32:37,367 [main] INFO  (Database#info():2737) -     parse('com/example/tomokiiwai/rdb/allcommon/DBFluteBeansJavaConfig.java')
2017-09-04 15:32:37,391 [main] INFO  (Database#info():2737) - }
2017-09-04 15:32:37,396 [main] INFO  (DfOldClassHandler#info():1045) - public void deleteOldTableClass() {
2017-09-04 15:32:37,453 [main] INFO  (DfOldClassHandler#info():1045) - }
2017-09-04 15:32:37,454 [main] INFO  (Database#info():2737) - public void parseTableClass() {
2017-09-04 15:32:37,455 [main] INFO  (Database#info():2737) -     parse('user');
2017-09-04 15:32:37,668 [main] INFO  (Database#info():2737) - }
2017-09-04 15:32:37,668 [main] INFO  (Database#info():2737) -  
2017-09-04 15:32:37,688 [main] INFO  (DfRefreshMan#resolveProjectAutoDetect():105) - *Cannot auto-detect your refresh Eclipse proejct.
2017-09-04 15:32:37,690 [main] INFO  (DfRefreshResourceProcess#show():299) - /===========================================================================
2017-09-04 15:32:37,691 [main] INFO  (DfRefreshResourceProcess#show():299) - ...Refreshing [$$AutoDetect$$] by http://localhost:8386/
2017-09-04 15:32:37,693 [main] INFO  (DfRefreshResourceProcess#show():299) - ...Retrying refreshing by default secondary URL http://localhost:8387/
2017-09-04 15:32:37,696 [main] INFO  (DfRefreshResourceProcess#show():299) - Look! Read the message below.
/* * * * * * * * * * * * * * * * * * * * * * * * * * * * * * * * * *
Failed to refresh the resources.

[Project List]
[$$AutoDetect$$]

[Request URL]
http://localhost:8386/

[IOExpception]
ConnectException
Connection refused (Connection refused)
* * * * * * * * * */
2017-09-04 15:32:37,698 [main] INFO  (DfRefreshResourceProcess#show():299) - ==========/
2017-09-04 15:32:37,705 [main] INFO  (DfDBFluteTaskUtil#logFinalMessage():139) - 
_/_/_/_/_/_/_/_/_/_/_/_/_/_/_/_/_/_/_/_/_/_/
[Final Message]: 00m00s962ms

  DBFLUTE_CLIENT: {dfclient}
    database  = mysql
    language  = java
    container = spring
    package   = com.example.tomokiiwai.rdb

  DBFLUTE_ENVIRONMENT_TYPE: {}
    driver = com.mysql.jdbc.Driver
    url    = jdbc:mysql://127.0.0.1:3306/d3db
    schema = {d3db.$$NoNameSchema$$ as main}
    user   = d3dev
    props  = {}
    additionalSchema = 
    repsEnvType      = ut
    refreshProject   = $$AutoDetect$$
_/_/_/_/_/_/_/_/_/_/ {Generate}
2017-09-04 15:32:38,415 [main] INFO  (DfOutsideSqlTestTask#begin():77) - +------------------------------------------+
2017-09-04 15:32:38,417 [main] INFO  (DfOutsideSqlTestTask#begin():78) - |                                          |
2017-09-04 15:32:38,417 [main] INFO  (DfOutsideSqlTestTask#begin():79) - |              OutsideSqlTest              |
2017-09-04 15:32:38,417 [main] INFO  (DfOutsideSqlTestTask#begin():80) - |                                          |
2017-09-04 15:32:38,417 [main] INFO  (DfOutsideSqlTestTask#begin():81) - +------------------------------------------+
2017-09-04 15:32:38,433 [main] INFO  (DfDataSourceHandler#prepare():78) - ...Preparing data source:
2017-09-04 15:32:38,433 [main] INFO  (DfDataSourceHandler#prepare():79) -   driver = com.mysql.jdbc.Driver
2017-09-04 15:32:38,434 [main] INFO  (DfDataSourceHandler#prepare():80) -   url    = jdbc:mysql://127.0.0.1:3306/d3db
2017-09-04 15:32:38,434 [main] INFO  (DfDataSourceHandler#prepare():81) -   user   = d3dev
2017-09-04 15:32:38,461 [main] INFO  (DfSqlFileFireMan#fire():89) - {Fired SQL}: success=0 failure=0 (in 0 files)
2017-09-04 15:32:38,473 [main] INFO  (DfDBFluteTaskUtil#logFinalMessage():139) - 
_/_/_/_/_/_/_/_/_/_/_/_/_/_/_/_/_/_/_/_/_/_/
[Final Message]: 00m00s073ms

  DBFLUTE_CLIENT: {dfclient}
    database  = mysql
    language  = java
    container = spring
    package   = com.example.tomokiiwai.rdb

  DBFLUTE_ENVIRONMENT_TYPE: {}
    driver = com.mysql.jdbc.Driver
    url    = jdbc:mysql://127.0.0.1:3306/d3db
    schema = {d3db.$$NoNameSchema$$ as main}
    user   = d3dev
    props  = {}
    additionalSchema = 
    repsEnvType      = ut
    refreshProject   = $$AutoDetect$$

 {Checked SQL}
_/_/_/_/_/_/_/_/_/_/ {OutsideSqlTest}
2017-09-04 15:32:39,168 [main] INFO  (DfSql2EntityTask#begin():106) - +------------------------------------------+
2017-09-04 15:32:39,169 [main] INFO  (DfSql2EntityTask#begin():107) - |                                          |
2017-09-04 15:32:39,170 [main] INFO  (DfSql2EntityTask#begin():108) - |                Sql2Entity                |
2017-09-04 15:32:39,170 [main] INFO  (DfSql2EntityTask#begin():109) - |                                          |
2017-09-04 15:32:39,170 [main] INFO  (DfSql2EntityTask#begin():110) - +------------------------------------------+
2017-09-04 15:32:39,187 [main] INFO  (DfDataSourceHandler#prepare():78) - ...Preparing data source:
2017-09-04 15:32:39,187 [main] INFO  (DfDataSourceHandler#prepare():79) -   driver = com.mysql.jdbc.Driver
2017-09-04 15:32:39,187 [main] INFO  (DfDataSourceHandler#prepare():80) -   url    = jdbc:mysql://127.0.0.1:3306/d3db
2017-09-04 15:32:39,188 [main] INFO  (DfDataSourceHandler#prepare():81) -   user   = d3dev
2017-09-04 15:32:39,202 [main] INFO  (DfSql2EntityTask#setupControlTemplate():177) - 
2017-09-04 15:32:39,202 [main] INFO  (DfSql2EntityTask#setupControlTemplate():178) - ...Using Java control: om/ControlSql2EntityJava.vm
2017-09-04 15:32:39,208 [main] INFO  (DTDResolver#resolveEntity():195) - ...Resolving XML by database.dtd in same package
2017-09-04 15:32:39,260 [main] INFO  (DfSqlFileFireMan#fire():89) - {Fired SQL}: success=0 failure=0 (in 0 files)
2017-09-04 15:32:39,289 [main] INFO  (DfSql2EntityTask#initControlContext():311) - 
2017-09-04 15:32:39,289 [main] INFO  (DfSql2EntityTask#initControlContext():312) - ...Preparing generation of customize-entities and parameter-beans
2017-09-04 15:32:39,289 [main] INFO  (DfSql2EntityTask#initControlContext():313) - * * * * * * * * * *
2017-09-04 15:32:39,289 [main] INFO  (DfSql2EntityTask#initControlContext():314) - * CustomizeEntity *
2017-09-04 15:32:39,289 [main] INFO  (DfSql2EntityTask#initControlContext():315) - * * * * * * * * * *
2017-09-04 15:32:39,290 [main] INFO  (DfSql2EntityTask#showParameterBean():932) - * * * * * * * * *
2017-09-04 15:32:39,290 [main] INFO  (DfSql2EntityTask#showParameterBean():933) - * ParameterBean *
2017-09-04 15:32:39,290 [main] INFO  (DfSql2EntityTask#showParameterBean():934) - * * * * * * * * *
2017-09-04 15:32:39,293 [main] INFO  (DfAbstractTexenTask#fireVelocityProcess():253) - generator.parse("om/ControlSql2EntityJava.vm", ctx);
2017-09-04 15:32:39,472 [main] INFO  (Database#doEnableSql2EntityOutputDirectory():1164) - ...Setting up sql2EntityOutputDirectory: ../src/main/java
2017-09-04 15:32:39,474 [main] INFO  (DfOldClassHandler#info():1045) - public void deleteOldCustomizeClass() {
2017-09-04 15:32:39,482 [main] INFO  (DfOldClassHandler#info():1045) - }
2017-09-04 15:32:39,482 [main] INFO  (Database#info():2737) - public void parseCustomizeEntity() {
2017-09-04 15:32:39,484 [main] INFO  (Database#info():2737) - }
2017-09-04 15:32:39,491 [main] INFO  (DfSql2EntityTask#showTargetSqlFileInformation():303) - 
/- - - - - - - - - - - - - - - - - - - - - - - -
Target SQL files: 0

- - - - - - - - - -/
2017-09-04 15:32:39,494 [main] INFO  (DfRefreshMan#resolveProjectAutoDetect():105) - *Cannot auto-detect your refresh Eclipse proejct.
2017-09-04 15:32:39,495 [main] INFO  (DfRefreshResourceProcess#show():299) - /===========================================================================
2017-09-04 15:32:39,496 [main] INFO  (DfRefreshResourceProcess#show():299) - ...Refreshing [$$AutoDetect$$] by http://localhost:8386/
2017-09-04 15:32:39,497 [main] INFO  (DfRefreshResourceProcess#show():299) - ...Retrying refreshing by default secondary URL http://localhost:8387/
2017-09-04 15:32:39,498 [main] INFO  (DfRefreshResourceProcess#show():299) - Look! Read the message below.
/* * * * * * * * * * * * * * * * * * * * * * * * * * * * * * * * * *
Failed to refresh the resources.

[Project List]
[$$AutoDetect$$]

[Request URL]
http://localhost:8386/

[IOExpception]
ConnectException
Connection refused (Connection refused)
* * * * * * * * * */
2017-09-04 15:32:39,499 [main] INFO  (DfRefreshResourceProcess#show():299) - ==========/
2017-09-04 15:32:39,503 [main] INFO  (DfDBFluteTaskUtil#logFinalMessage():139) - 
_/_/_/_/_/_/_/_/_/_/_/_/_/_/_/_/_/_/_/_/_/_/
[Final Message]: 00m00s343ms

  DBFLUTE_CLIENT: {dfclient}
    database  = mysql
    language  = java
    container = spring
    package   = com.example.tomokiiwai.rdb

  DBFLUTE_ENVIRONMENT_TYPE: {}
    driver = com.mysql.jdbc.Driver
    url    = jdbc:mysql://127.0.0.1:3306/d3db
    schema = {d3db.$$NoNameSchema$$ as main}
    user   = d3dev
    props  = {}
    additionalSchema = 
    repsEnvType      = ut
    refreshProject   = $$AutoDetect$$
_/_/_/_/_/_/_/_/_/_/ {Sql2Entity}
