2017-09-04 15:11:22,922 - 
2017-09-04 15:11:22,922 - DfFlutistLog4JLogSystem initialized using logfile './log/velocity.log'
2017-09-04 15:11:22,923 - Initializing Velocity, Calling init()...
2017-09-04 15:11:22,924 - *******************************************************************
2017-09-04 15:11:22,924 - Starting Apache Velocity v1.7 (compiled: 2010-11-19 12:14:37)
2017-09-04 15:11:22,924 - RuntimeInstance initializing.
2017-09-04 15:11:22,924 - Default Properties File: org/apache/velocity/runtime/defaults/velocity.properties
2017-09-04 15:11:22,924 - Trying to use logger class org.dbflute.friends.velocity.DfFlutistLog4JLogSystem
2017-09-04 15:11:22,924 - Using logger class org.dbflute.friends.velocity.DfFlutistLog4JLogSystem
2017-09-04 15:11:22,929 - Default ResourceManager initializing. (class org.apache.velocity.runtime.resource.ResourceManagerImpl)
2017-09-04 15:11:22,935 - ResourceLoader instantiated: org.apache.velocity.runtime.resource.loader.FileResourceLoader
2017-09-04 15:11:22,938 - FileResourceLoader : initialization starting.
2017-09-04 15:11:22,939 - Do unicode file recognition:  false
2017-09-04 15:11:22,939 - FileResourceLoader : adding path '/Users/tomoki.iwai/IdeaProjects/d3-spring-dbflute/rdb/mydbflute/dbflute-1.1.4/templates'
2017-09-04 15:11:22,940 - FileResourceLoader : initialization complete.
2017-09-04 15:11:22,963 - ResourceCache: initialized (class org.apache.velocity.runtime.resource.ResourceCacheImpl) with class java.util.Collections$SynchronizedMap cache map.
2017-09-04 15:11:22,964 - Default ResourceManager initialization complete.
2017-09-04 15:11:22,966 - Loaded System Directive: org.apache.velocity.runtime.directive.Stop
2017-09-04 15:11:22,969 - Loaded System Directive: org.apache.velocity.runtime.directive.Define
2017-09-04 15:11:22,970 - Loaded System Directive: org.apache.velocity.runtime.directive.Break
2017-09-04 15:11:22,972 - Loaded System Directive: org.apache.velocity.runtime.directive.Evaluate
2017-09-04 15:11:22,973 - Loaded System Directive: org.apache.velocity.runtime.directive.Literal
2017-09-04 15:11:22,975 - Loaded System Directive: org.apache.velocity.runtime.directive.Macro
2017-09-04 15:11:22,977 - Loaded System Directive: org.apache.velocity.runtime.directive.Parse
2017-09-04 15:11:22,978 - Loaded System Directive: org.apache.velocity.runtime.directive.Include
2017-09-04 15:11:22,980 - Loaded System Directive: org.apache.velocity.runtime.directive.Foreach
2017-09-04 15:11:23,014 - Created '20' parsers.
2017-09-04 15:11:23,022 - Velocimacro : initialization starting.
2017-09-04 15:11:23,022 - Velocimacro : "velocimacro.library" is not set.  Trying default library: VM_global_library.vm
2017-09-04 15:11:23,022 - Velocimacro : Default library not found.
2017-09-04 15:11:23,022 - Velocimacro : allowInline = true : VMs can be defined inline in templates
2017-09-04 15:11:23,022 - Velocimacro : allowInlineToOverride = false : VMs defined inline may NOT replace previous VM definitions
2017-09-04 15:11:23,022 - Velocimacro : allowInlineLocal = false : VMs defined inline will be global in scope if allowed.
2017-09-04 15:11:23,022 - Velocimacro : autoload off : VM system will not automatically reload global library macros
2017-09-04 15:11:23,022 - Velocimacro : Velocimacro : initialization complete.
2017-09-04 15:11:23,022 - RuntimeInstance successfully initialized.
2017-09-04 15:11:23,050 - ResourceManager : found doc/ControlDocument.vm with loader org.apache.velocity.runtime.resource.loader.FileResourceLoader
2017-09-04 15:11:23,177 - ResourceManager : found doc/html/datamodel.vm with loader org.apache.velocity.runtime.resource.loader.FileResourceLoader
2017-09-04 15:11:23,210 - ResourceManager : found doc/html/table.vm with loader org.apache.velocity.runtime.resource.loader.FileResourceLoader
2017-09-04 15:11:25,777 - 
2017-09-04 15:11:25,777 - DfFlutistLog4JLogSystem initialized using logfile './log/velocity.log'
2017-09-04 15:11:25,777 - Initializing Velocity, Calling init()...
2017-09-04 15:11:25,777 - *******************************************************************
2017-09-04 15:11:25,777 - Starting Apache Velocity v1.7 (compiled: 2010-11-19 12:14:37)
2017-09-04 15:11:25,777 - RuntimeInstance initializing.
2017-09-04 15:11:25,777 - Default Properties File: org/apache/velocity/runtime/defaults/velocity.properties
2017-09-04 15:11:25,777 - Trying to use logger class org.dbflute.friends.velocity.DfFlutistLog4JLogSystem
2017-09-04 15:11:25,777 - Using logger class org.dbflute.friends.velocity.DfFlutistLog4JLogSystem
2017-09-04 15:11:25,779 - Default ResourceManager initializing. (class org.apache.velocity.runtime.resource.ResourceManagerImpl)
2017-09-04 15:11:25,782 - ResourceLoader instantiated: org.apache.velocity.runtime.resource.loader.FileResourceLoader
2017-09-04 15:11:25,783 - FileResourceLoader : initialization starting.
2017-09-04 15:11:25,783 - Do unicode file recognition:  false
2017-09-04 15:11:25,783 - FileResourceLoader : adding path '/Users/tomoki.iwai/IdeaProjects/d3-spring-dbflute/rdb/mydbflute/dbflute-1.1.4/templates'
2017-09-04 15:11:25,783 - FileResourceLoader : initialization complete.
2017-09-04 15:11:25,791 - ResourceCache: initialized (class org.apache.velocity.runtime.resource.ResourceCacheImpl) with class java.util.Collections$SynchronizedMap cache map.
2017-09-04 15:11:25,791 - Default ResourceManager initialization complete.
2017-09-04 15:11:25,792 - Loaded System Directive: org.apache.velocity.runtime.directive.Stop
2017-09-04 15:11:25,794 - Loaded System Directive: org.apache.velocity.runtime.directive.Define
2017-09-04 15:11:25,795 - Loaded System Directive: org.apache.velocity.runtime.directive.Break
2017-09-04 15:11:25,796 - Loaded System Directive: org.apache.velocity.runtime.directive.Evaluate
2017-09-04 15:11:25,796 - Loaded System Directive: org.apache.velocity.runtime.directive.Literal
2017-09-04 15:11:25,798 - Loaded System Directive: org.apache.velocity.runtime.directive.Macro
2017-09-04 15:11:25,800 - Loaded System Directive: org.apache.velocity.runtime.directive.Parse
2017-09-04 15:11:25,801 - Loaded System Directive: org.apache.velocity.runtime.directive.Include
2017-09-04 15:11:25,802 - Loaded System Directive: org.apache.velocity.runtime.directive.Foreach
2017-09-04 15:11:25,829 - Created '20' parsers.
2017-09-04 15:11:25,836 - Velocimacro : initialization starting.
2017-09-04 15:11:25,836 - Velocimacro : "velocimacro.library" is not set.  Trying default library: VM_global_library.vm
2017-09-04 15:11:25,837 - Velocimacro : Default library not found.
2017-09-04 15:11:25,837 - Velocimacro : allowInline = true : VMs can be defined inline in templates
2017-09-04 15:11:25,837 - Velocimacro : allowInlineToOverride = false : VMs defined inline may NOT replace previous VM definitions
2017-09-04 15:11:25,837 - Velocimacro : allowInlineLocal = false : VMs defined inline will be global in scope if allowed.
2017-09-04 15:11:25,837 - Velocimacro : autoload off : VM system will not automatically reload global library macros
2017-09-04 15:11:25,837 - Velocimacro : Velocimacro : initialization complete.
2017-09-04 15:11:25,837 - RuntimeInstance successfully initialized.
2017-09-04 15:11:26,026 - ResourceManager : found om/ControlGenerateJava.vm with loader org.apache.velocity.runtime.resource.loader.FileResourceLoader
2017-09-04 15:11:26,128 - ResourceManager : found om/java/allcommon/DBCurrent.vm with loader org.apache.velocity.runtime.resource.loader.FileResourceLoader
2017-09-04 15:11:26,146 - ResourceManager : found om/java/allcommon/DBFluteConfig.vm with loader org.apache.velocity.runtime.resource.loader.FileResourceLoader
2017-09-04 15:11:26,158 - Null reference [template 'om/java/allcommon/DBFluteConfig.vm', line 1144, column 59] : $PoolGuardConnectionWrapper cannot be resolved.
2017-09-04 15:11:26,165 - ResourceManager : found om/java/allcommon/DBFluteInitializer.vm with loader org.apache.velocity.runtime.resource.loader.FileResourceLoader
2017-09-04 15:11:26,170 - ResourceManager : found om/java/allcommon/DBMetaInstanceHandler.vm with loader org.apache.velocity.runtime.resource.loader.FileResourceLoader
2017-09-04 15:11:26,224 - ResourceManager : found om/java/allcommon/EntityDefinedCommonColumn.vm with loader org.apache.velocity.runtime.resource.loader.FileResourceLoader
2017-09-04 15:11:26,247 - ResourceManager : found om/java/allcommon/ImplementedBehaviorSelector.vm with loader org.apache.velocity.runtime.resource.loader.FileResourceLoader
2017-09-04 15:11:26,268 - ResourceManager : found om/java/allcommon/ImplementedCommonColumnAutoSetupper.vm with loader org.apache.velocity.runtime.resource.loader.FileResourceLoader
2017-09-04 15:11:26,273 - ResourceManager : found om/java/allcommon/ImplementedInvokerAssistant.vm with loader org.apache.velocity.runtime.resource.loader.FileResourceLoader
2017-09-04 15:11:26,287 - ResourceManager : found om/java/allcommon/ImplementedSqlClauseCreator.vm with loader org.apache.velocity.runtime.resource.loader.FileResourceLoader
2017-09-04 15:11:26,320 - ResourceManager : found om/java/allcommon/container/spring/SpringDBFluteBeansJavaConfig.vm with loader org.apache.velocity.runtime.resource.loader.FileResourceLoader
2017-09-04 15:11:26,418 - Null reference [template 'om/ControlGenerateJava.vm', line 293, column 38] : ${glPackageExtendedDao} cannot be resolved.
2017-09-04 15:11:26,418 - Null reference [template 'om/ControlGenerateJava.vm', line 296, column 34] : ${glPackageBaseDao} cannot be resolved.
2017-09-04 15:11:26,465 - ResourceManager : found om/java/bsbhv/BaseBhv.vm with loader org.apache.velocity.runtime.resource.loader.FileResourceLoader
2017-09-04 15:11:26,500 - ResourceManager : found om/java/bsbhv/ReferrerLoader.vm with loader org.apache.velocity.runtime.resource.loader.FileResourceLoader
2017-09-04 15:11:26,517 - ResourceManager : found om/java/bsentity/BaseEntity.vm with loader org.apache.velocity.runtime.resource.loader.FileResourceLoader
2017-09-04 15:11:26,540 - ResourceManager : found om/java/bsentity/dbmeta/DBMetaImpl.vm with loader org.apache.velocity.runtime.resource.loader.FileResourceLoader
2017-09-04 15:11:26,554 - ResourceManager : found om/java/exbhv/ExtendedBhv.vm with loader org.apache.velocity.runtime.resource.loader.FileResourceLoader
2017-09-04 15:11:26,568 - ResourceManager : found om/java/exentity/ExtendedEntity.vm with loader org.apache.velocity.runtime.resource.loader.FileResourceLoader
2017-09-04 15:11:26,581 - ResourceManager : found om/java/cbean/BsConditionBean.vm with loader org.apache.velocity.runtime.resource.loader.FileResourceLoader
2017-09-04 15:11:26,613 - ResourceManager : found om/java/cbean/AbstractBsConditionQuery.vm with loader org.apache.velocity.runtime.resource.loader.FileResourceLoader
2017-09-04 15:11:26,616 - RHS of #set statement is null. Context will not be modified. om/java/cbean/AbstractBsConditionQuery.vm[line 70, column 1]
2017-09-04 15:11:26,620 - RHS of #set statement is null. Context will not be modified. om/java/cbean/AbstractBsConditionQuery.vm[line 70, column 1]
2017-09-04 15:11:26,623 - RHS of #set statement is null. Context will not be modified. om/java/cbean/AbstractBsConditionQuery.vm[line 70, column 1]
2017-09-04 15:11:26,634 - ResourceManager : found om/java/cbean/BsConditionInlineQuery.vm with loader org.apache.velocity.runtime.resource.loader.FileResourceLoader
2017-09-04 15:11:26,635 - RHS of #set statement is null. Context will not be modified. om/java/cbean/BsConditionInlineQuery.vm[line 84, column 1]
2017-09-04 15:11:26,635 - RHS of #set statement is null. Context will not be modified. om/java/cbean/BsConditionInlineQuery.vm[line 84, column 1]
2017-09-04 15:11:26,635 - RHS of #set statement is null. Context will not be modified. om/java/cbean/BsConditionInlineQuery.vm[line 84, column 1]
2017-09-04 15:11:26,650 - ResourceManager : found om/java/cbean/BsConditionQuery.vm with loader org.apache.velocity.runtime.resource.loader.FileResourceLoader
2017-09-04 15:11:26,651 - RHS of #set statement is null. Context will not be modified. om/java/cbean/BsConditionQuery.vm[line 104, column 1]
2017-09-04 15:11:26,652 - RHS of #set statement is null. Context will not be modified. om/java/cbean/BsConditionQuery.vm[line 104, column 1]
2017-09-04 15:11:26,653 - RHS of #set statement is null. Context will not be modified. om/java/cbean/BsConditionQuery.vm[line 104, column 1]
2017-09-04 15:11:26,656 - ResourceManager : found om/java/cbean/ExConditionBean.vm with loader org.apache.velocity.runtime.resource.loader.FileResourceLoader
2017-09-04 15:11:26,659 - ResourceManager : found om/java/cbean/ExConditionQuery.vm with loader org.apache.velocity.runtime.resource.loader.FileResourceLoader
2017-09-04 15:11:28,508 - 
2017-09-04 15:11:28,508 - DfFlutistLog4JLogSystem initialized using logfile './log/velocity.log'
2017-09-04 15:11:28,508 - Initializing Velocity, Calling init()...
2017-09-04 15:11:28,508 - *******************************************************************
2017-09-04 15:11:28,508 - Starting Apache Velocity v1.7 (compiled: 2010-11-19 12:14:37)
2017-09-04 15:11:28,508 - RuntimeInstance initializing.
2017-09-04 15:11:28,508 - Default Properties File: org/apache/velocity/runtime/defaults/velocity.properties
2017-09-04 15:11:28,508 - Trying to use logger class org.dbflute.friends.velocity.DfFlutistLog4JLogSystem
2017-09-04 15:11:28,508 - Using logger class org.dbflute.friends.velocity.DfFlutistLog4JLogSystem
2017-09-04 15:11:28,509 - Default ResourceManager initializing. (class org.apache.velocity.runtime.resource.ResourceManagerImpl)
2017-09-04 15:11:28,514 - ResourceLoader instantiated: org.apache.velocity.runtime.resource.loader.FileResourceLoader
2017-09-04 15:11:28,515 - FileResourceLoader : initialization starting.
2017-09-04 15:11:28,515 - Do unicode file recognition:  false
2017-09-04 15:11:28,516 - FileResourceLoader : adding path '/Users/tomoki.iwai/IdeaProjects/d3-spring-dbflute/rdb/mydbflute/dbflute-1.1.4/templates'
2017-09-04 15:11:28,516 - FileResourceLoader : initialization complete.
2017-09-04 15:11:28,524 - ResourceCache: initialized (class org.apache.velocity.runtime.resource.ResourceCacheImpl) with class java.util.Collections$SynchronizedMap cache map.
2017-09-04 15:11:28,524 - Default ResourceManager initialization complete.
2017-09-04 15:11:28,525 - Loaded System Directive: org.apache.velocity.runtime.directive.Stop
2017-09-04 15:11:28,527 - Loaded System Directive: org.apache.velocity.runtime.directive.Define
2017-09-04 15:11:28,528 - Loaded System Directive: org.apache.velocity.runtime.directive.Break
2017-09-04 15:11:28,529 - Loaded System Directive: org.apache.velocity.runtime.directive.Evaluate
2017-09-04 15:11:28,530 - Loaded System Directive: org.apache.velocity.runtime.directive.Literal
2017-09-04 15:11:28,531 - Loaded System Directive: org.apache.velocity.runtime.directive.Macro
2017-09-04 15:11:28,532 - Loaded System Directive: org.apache.velocity.runtime.directive.Parse
2017-09-04 15:11:28,534 - Loaded System Directive: org.apache.velocity.runtime.directive.Include
2017-09-04 15:11:28,535 - Loaded System Directive: org.apache.velocity.runtime.directive.Foreach
2017-09-04 15:11:28,563 - Created '20' parsers.
2017-09-04 15:11:28,570 - Velocimacro : initialization starting.
2017-09-04 15:11:28,570 - Velocimacro : "velocimacro.library" is not set.  Trying default library: VM_global_library.vm
2017-09-04 15:11:28,570 - Velocimacro : Default library not found.
2017-09-04 15:11:28,570 - Velocimacro : allowInline = true : VMs can be defined inline in templates
2017-09-04 15:11:28,570 - Velocimacro : allowInlineToOverride = false : VMs defined inline may NOT replace previous VM definitions
2017-09-04 15:11:28,570 - Velocimacro : allowInlineLocal = false : VMs defined inline will be global in scope if allowed.
2017-09-04 15:11:28,570 - Velocimacro : autoload off : VM system will not automatically reload global library macros
2017-09-04 15:11:28,570 - Velocimacro : Velocimacro : initialization complete.
2017-09-04 15:11:28,570 - RuntimeInstance successfully initialized.
2017-09-04 15:11:28,621 - ResourceManager : found om/ControlSql2EntityJava.vm with loader org.apache.velocity.runtime.resource.loader.FileResourceLoader
2017-09-04 15:32:34,152 - 
2017-09-04 15:32:34,152 - DfFlutistLog4JLogSystem initialized using logfile './log/velocity.log'
2017-09-04 15:32:34,152 - Initializing Velocity, Calling init()...
2017-09-04 15:32:34,153 - *******************************************************************
2017-09-04 15:32:34,153 - Starting Apache Velocity v1.7 (compiled: 2010-11-19 12:14:37)
2017-09-04 15:32:34,153 - RuntimeInstance initializing.
2017-09-04 15:32:34,153 - Default Properties File: org/apache/velocity/runtime/defaults/velocity.properties
2017-09-04 15:32:34,153 - Trying to use logger class org.dbflute.friends.velocity.DfFlutistLog4JLogSystem
2017-09-04 15:32:34,153 - Using logger class org.dbflute.friends.velocity.DfFlutistLog4JLogSystem
2017-09-04 15:32:34,157 - Default ResourceManager initializing. (class org.apache.velocity.runtime.resource.ResourceManagerImpl)
2017-09-04 15:32:34,161 - ResourceLoader instantiated: org.apache.velocity.runtime.resource.loader.FileResourceLoader
2017-09-04 15:32:34,163 - FileResourceLoader : initialization starting.
2017-09-04 15:32:34,163 - Do unicode file recognition:  false
2017-09-04 15:32:34,163 - FileResourceLoader : adding path '/Users/tomoki.iwai/IdeaProjects/d3-spring-dbflute/rdb/mydbflute/dbflute-1.1.4/templates'
2017-09-04 15:32:34,163 - FileResourceLoader : initialization complete.
2017-09-04 15:32:34,177 - ResourceCache: initialized (class org.apache.velocity.runtime.resource.ResourceCacheImpl) with class java.util.Collections$SynchronizedMap cache map.
2017-09-04 15:32:34,177 - Default ResourceManager initialization complete.
2017-09-04 15:32:34,179 - Loaded System Directive: org.apache.velocity.runtime.directive.Stop
2017-09-04 15:32:34,180 - Loaded System Directive: org.apache.velocity.runtime.directive.Define
2017-09-04 15:32:34,181 - Loaded System Directive: org.apache.velocity.runtime.directive.Break
2017-09-04 15:32:34,182 - Loaded System Directive: org.apache.velocity.runtime.directive.Evaluate
2017-09-04 15:32:34,183 - Loaded System Directive: org.apache.velocity.runtime.directive.Literal
2017-09-04 15:32:34,184 - Loaded System Directive: org.apache.velocity.runtime.directive.Macro
2017-09-04 15:32:34,186 - Loaded System Directive: org.apache.velocity.runtime.directive.Parse
2017-09-04 15:32:34,189 - Loaded System Directive: org.apache.velocity.runtime.directive.Include
2017-09-04 15:32:34,190 - Loaded System Directive: org.apache.velocity.runtime.directive.Foreach
2017-09-04 15:32:34,223 - Created '20' parsers.
2017-09-04 15:32:34,231 - Velocimacro : initialization starting.
2017-09-04 15:32:34,231 - Velocimacro : "velocimacro.library" is not set.  Trying default library: VM_global_library.vm
2017-09-04 15:32:34,231 - Velocimacro : Default library not found.
2017-09-04 15:32:34,231 - Velocimacro : allowInline = true : VMs can be defined inline in templates
2017-09-04 15:32:34,231 - Velocimacro : allowInlineToOverride = false : VMs defined inline may NOT replace previous VM definitions
2017-09-04 15:32:34,231 - Velocimacro : allowInlineLocal = false : VMs defined inline will be global in scope if allowed.
2017-09-04 15:32:34,231 - Velocimacro : autoload off : VM system will not automatically reload global library macros
2017-09-04 15:32:34,231 - Velocimacro : Velocimacro : initialization complete.
2017-09-04 15:32:34,232 - RuntimeInstance successfully initialized.
2017-09-04 15:32:34,257 - ResourceManager : found doc/ControlDocument.vm with loader org.apache.velocity.runtime.resource.loader.FileResourceLoader
2017-09-04 15:32:34,338 - ResourceManager : found doc/html/datamodel.vm with loader org.apache.velocity.runtime.resource.loader.FileResourceLoader
2017-09-04 15:32:34,368 - ResourceManager : found doc/html/table.vm with loader org.apache.velocity.runtime.resource.loader.FileResourceLoader
2017-09-04 15:32:37,011 - 
2017-09-04 15:32:37,011 - DfFlutistLog4JLogSystem initialized using logfile './log/velocity.log'
2017-09-04 15:32:37,011 - Initializing Velocity, Calling init()...
2017-09-04 15:32:37,011 - *******************************************************************
2017-09-04 15:32:37,011 - Starting Apache Velocity v1.7 (compiled: 2010-11-19 12:14:37)
2017-09-04 15:32:37,011 - RuntimeInstance initializing.
2017-09-04 15:32:37,011 - Default Properties File: org/apache/velocity/runtime/defaults/velocity.properties
2017-09-04 15:32:37,011 - Trying to use logger class org.dbflute.friends.velocity.DfFlutistLog4JLogSystem
2017-09-04 15:32:37,011 - Using logger class org.dbflute.friends.velocity.DfFlutistLog4JLogSystem
2017-09-04 15:32:37,014 - Default ResourceManager initializing. (class org.apache.velocity.runtime.resource.ResourceManagerImpl)
2017-09-04 15:32:37,020 - ResourceLoader instantiated: org.apache.velocity.runtime.resource.loader.FileResourceLoader
2017-09-04 15:32:37,021 - FileResourceLoader : initialization starting.
2017-09-04 15:32:37,021 - Do unicode file recognition:  false
2017-09-04 15:32:37,021 - FileResourceLoader : adding path '/Users/tomoki.iwai/IdeaProjects/d3-spring-dbflute/rdb/mydbflute/dbflute-1.1.4/templates'
2017-09-04 15:32:37,021 - FileResourceLoader : initialization complete.
2017-09-04 15:32:37,029 - ResourceCache: initialized (class org.apache.velocity.runtime.resource.ResourceCacheImpl) with class java.util.Collections$SynchronizedMap cache map.
2017-09-04 15:32:37,029 - Default ResourceManager initialization complete.
2017-09-04 15:32:37,030 - Loaded System Directive: org.apache.velocity.runtime.directive.Stop
2017-09-04 15:32:37,032 - Loaded System Directive: org.apache.velocity.runtime.directive.Define
2017-09-04 15:32:37,033 - Loaded System Directive: org.apache.velocity.runtime.directive.Break
2017-09-04 15:32:37,034 - Loaded System Directive: org.apache.velocity.runtime.directive.Evaluate
2017-09-04 15:32:37,034 - Loaded System Directive: org.apache.velocity.runtime.directive.Literal
2017-09-04 15:32:37,035 - Loaded System Directive: org.apache.velocity.runtime.directive.Macro
2017-09-04 15:32:37,036 - Loaded System Directive: org.apache.velocity.runtime.directive.Parse
2017-09-04 15:32:37,038 - Loaded System Directive: org.apache.velocity.runtime.directive.Include
2017-09-04 15:32:37,039 - Loaded System Directive: org.apache.velocity.runtime.directive.Foreach
2017-09-04 15:32:37,067 - Created '20' parsers.
2017-09-04 15:32:37,075 - Velocimacro : initialization starting.
2017-09-04 15:32:37,075 - Velocimacro : "velocimacro.library" is not set.  Trying default library: VM_global_library.vm
2017-09-04 15:32:37,075 - Velocimacro : Default library not found.
2017-09-04 15:32:37,075 - Velocimacro : allowInline = true : VMs can be defined inline in templates
2017-09-04 15:32:37,075 - Velocimacro : allowInlineToOverride = false : VMs defined inline may NOT replace previous VM definitions
2017-09-04 15:32:37,075 - Velocimacro : allowInlineLocal = false : VMs defined inline will be global in scope if allowed.
2017-09-04 15:32:37,075 - Velocimacro : autoload off : VM system will not automatically reload global library macros
2017-09-04 15:32:37,075 - Velocimacro : Velocimacro : initialization complete.
2017-09-04 15:32:37,075 - RuntimeInstance successfully initialized.
2017-09-04 15:32:37,154 - ResourceManager : found om/ControlGenerateJava.vm with loader org.apache.velocity.runtime.resource.loader.FileResourceLoader
2017-09-04 15:32:37,237 - ResourceManager : found om/java/allcommon/DBCurrent.vm with loader org.apache.velocity.runtime.resource.loader.FileResourceLoader
2017-09-04 15:32:37,259 - ResourceManager : found om/java/allcommon/DBFluteConfig.vm with loader org.apache.velocity.runtime.resource.loader.FileResourceLoader
2017-09-04 15:32:37,268 - Null reference [template 'om/java/allcommon/DBFluteConfig.vm', line 1144, column 59] : $PoolGuardConnectionWrapper cannot be resolved.
2017-09-04 15:32:37,278 - ResourceManager : found om/java/allcommon/DBFluteInitializer.vm with loader org.apache.velocity.runtime.resource.loader.FileResourceLoader
2017-09-04 15:32:37,289 - ResourceManager : found om/java/allcommon/DBMetaInstanceHandler.vm with loader org.apache.velocity.runtime.resource.loader.FileResourceLoader
2017-09-04 15:32:37,329 - ResourceManager : found om/java/allcommon/EntityDefinedCommonColumn.vm with loader org.apache.velocity.runtime.resource.loader.FileResourceLoader
2017-09-04 15:32:37,337 - ResourceManager : found om/java/allcommon/ImplementedBehaviorSelector.vm with loader org.apache.velocity.runtime.resource.loader.FileResourceLoader
2017-09-04 15:32:37,346 - ResourceManager : found om/java/allcommon/ImplementedCommonColumnAutoSetupper.vm with loader org.apache.velocity.runtime.resource.loader.FileResourceLoader
2017-09-04 15:32:37,353 - ResourceManager : found om/java/allcommon/ImplementedInvokerAssistant.vm with loader org.apache.velocity.runtime.resource.loader.FileResourceLoader
2017-09-04 15:32:37,363 - ResourceManager : found om/java/allcommon/ImplementedSqlClauseCreator.vm with loader org.apache.velocity.runtime.resource.loader.FileResourceLoader
2017-09-04 15:32:37,378 - ResourceManager : found om/java/allcommon/container/spring/SpringDBFluteBeansJavaConfig.vm with loader org.apache.velocity.runtime.resource.loader.FileResourceLoader
2017-09-04 15:32:37,455 - Null reference [template 'om/ControlGenerateJava.vm', line 293, column 38] : ${glPackageExtendedDao} cannot be resolved.
2017-09-04 15:32:37,456 - Null reference [template 'om/ControlGenerateJava.vm', line 296, column 34] : ${glPackageBaseDao} cannot be resolved.
2017-09-04 15:32:37,481 - ResourceManager : found om/java/bsbhv/BaseBhv.vm with loader org.apache.velocity.runtime.resource.loader.FileResourceLoader
2017-09-04 15:32:37,524 - ResourceManager : found om/java/bsbhv/ReferrerLoader.vm with loader org.apache.velocity.runtime.resource.loader.FileResourceLoader
2017-09-04 15:32:37,537 - ResourceManager : found om/java/bsentity/BaseEntity.vm with loader org.apache.velocity.runtime.resource.loader.FileResourceLoader
2017-09-04 15:32:37,554 - ResourceManager : found om/java/bsentity/dbmeta/DBMetaImpl.vm with loader org.apache.velocity.runtime.resource.loader.FileResourceLoader
2017-09-04 15:32:37,575 - ResourceManager : found om/java/cbean/BsConditionBean.vm with loader org.apache.velocity.runtime.resource.loader.FileResourceLoader
2017-09-04 15:32:37,617 - ResourceManager : found om/java/cbean/AbstractBsConditionQuery.vm with loader org.apache.velocity.runtime.resource.loader.FileResourceLoader
2017-09-04 15:32:37,623 - RHS of #set statement is null. Context will not be modified. om/java/cbean/AbstractBsConditionQuery.vm[line 70, column 1]
2017-09-04 15:32:37,627 - RHS of #set statement is null. Context will not be modified. om/java/cbean/AbstractBsConditionQuery.vm[line 70, column 1]
2017-09-04 15:32:37,632 - RHS of #set statement is null. Context will not be modified. om/java/cbean/AbstractBsConditionQuery.vm[line 70, column 1]
2017-09-04 15:32:37,646 - ResourceManager : found om/java/cbean/BsConditionInlineQuery.vm with loader org.apache.velocity.runtime.resource.loader.FileResourceLoader
2017-09-04 15:32:37,647 - RHS of #set statement is null. Context will not be modified. om/java/cbean/BsConditionInlineQuery.vm[line 84, column 1]
2017-09-04 15:32:37,648 - RHS of #set statement is null. Context will not be modified. om/java/cbean/BsConditionInlineQuery.vm[line 84, column 1]
2017-09-04 15:32:37,648 - RHS of #set statement is null. Context will not be modified. om/java/cbean/BsConditionInlineQuery.vm[line 84, column 1]
2017-09-04 15:32:37,662 - ResourceManager : found om/java/cbean/BsConditionQuery.vm with loader org.apache.velocity.runtime.resource.loader.FileResourceLoader
2017-09-04 15:32:37,663 - RHS of #set statement is null. Context will not be modified. om/java/cbean/BsConditionQuery.vm[line 104, column 1]
2017-09-04 15:32:37,664 - RHS of #set statement is null. Context will not be modified. om/java/cbean/BsConditionQuery.vm[line 104, column 1]
2017-09-04 15:32:37,665 - RHS of #set statement is null. Context will not be modified. om/java/cbean/BsConditionQuery.vm[line 104, column 1]
2017-09-04 15:32:39,304 - 
2017-09-04 15:32:39,304 - DfFlutistLog4JLogSystem initialized using logfile './log/velocity.log'
2017-09-04 15:32:39,304 - Initializing Velocity, Calling init()...
2017-09-04 15:32:39,305 - *******************************************************************
2017-09-04 15:32:39,305 - Starting Apache Velocity v1.7 (compiled: 2010-11-19 12:14:37)
2017-09-04 15:32:39,305 - RuntimeInstance initializing.
2017-09-04 15:32:39,305 - Default Properties File: org/apache/velocity/runtime/defaults/velocity.properties
2017-09-04 15:32:39,305 - Trying to use logger class org.dbflute.friends.velocity.DfFlutistLog4JLogSystem
2017-09-04 15:32:39,305 - Using logger class org.dbflute.friends.velocity.DfFlutistLog4JLogSystem
2017-09-04 15:32:39,309 - Default ResourceManager initializing. (class org.apache.velocity.runtime.resource.ResourceManagerImpl)
2017-09-04 15:32:39,317 - ResourceLoader instantiated: org.apache.velocity.runtime.resource.loader.FileResourceLoader
2017-09-04 15:32:39,319 - FileResourceLoader : initialization starting.
2017-09-04 15:32:39,319 - Do unicode file recognition:  false
2017-09-04 15:32:39,319 - FileResourceLoader : adding path '/Users/tomoki.iwai/IdeaProjects/d3-spring-dbflute/rdb/mydbflute/dbflute-1.1.4/templates'
2017-09-04 15:32:39,319 - FileResourceLoader : initialization complete.
2017-09-04 15:32:39,329 - ResourceCache: initialized (class org.apache.velocity.runtime.resource.ResourceCacheImpl) with class java.util.Collections$SynchronizedMap cache map.
2017-09-04 15:32:39,329 - Default ResourceManager initialization complete.
2017-09-04 15:32:39,334 - Loaded System Directive: org.apache.velocity.runtime.directive.Stop
2017-09-04 15:32:39,338 - Loaded System Directive: org.apache.velocity.runtime.directive.Define
2017-09-04 15:32:39,340 - Loaded System Directive: org.apache.velocity.runtime.directive.Break
2017-09-04 15:32:39,341 - Loaded System Directive: org.apache.velocity.runtime.directive.Evaluate
2017-09-04 15:32:39,342 - Loaded System Directive: org.apache.velocity.runtime.directive.Literal
2017-09-04 15:32:39,343 - Loaded System Directive: org.apache.velocity.runtime.directive.Macro
2017-09-04 15:32:39,344 - Loaded System Directive: org.apache.velocity.runtime.directive.Parse
2017-09-04 15:32:39,345 - Loaded System Directive: org.apache.velocity.runtime.directive.Include
2017-09-04 15:32:39,346 - Loaded System Directive: org.apache.velocity.runtime.directive.Foreach
2017-09-04 15:32:39,371 - Created '20' parsers.
2017-09-04 15:32:39,382 - Velocimacro : initialization starting.
2017-09-04 15:32:39,382 - Velocimacro : "velocimacro.library" is not set.  Trying default library: VM_global_library.vm
2017-09-04 15:32:39,382 - Velocimacro : Default library not found.
2017-09-04 15:32:39,382 - Velocimacro : allowInline = true : VMs can be defined inline in templates
2017-09-04 15:32:39,382 - Velocimacro : allowInlineToOverride = false : VMs defined inline may NOT replace previous VM definitions
2017-09-04 15:32:39,382 - Velocimacro : allowInlineLocal = false : VMs defined inline will be global in scope if allowed.
2017-09-04 15:32:39,383 - Velocimacro : autoload off : VM system will not automatically reload global library macros
2017-09-04 15:32:39,383 - Velocimacro : Velocimacro : initialization complete.
2017-09-04 15:32:39,383 - RuntimeInstance successfully initialized.
2017-09-04 15:32:39,446 - ResourceManager : found om/ControlSql2EntityJava.vm with loader org.apache.velocity.runtime.resource.loader.FileResourceLoader
